 --- BIN FILE READ: seq_dFS
  10938 INCLUDE 'seq_dFS';
  10939   PROCEDURE OPTIMIZE_CHROM SEXTGX1 SEXTGY1 SEXTGX2 SEXTGY2 EBE;
  10940     VARIABLE MU 800;
  10941     VARIABLE NBAR 800 3;
  10942     VARIABLE OBJ1 1;
  10943     VARIABLE OBJ2 1;
  10944     VARIABLE OBJ 1;
  10945     VARIABLE SGX1 1;
  10946     VARIABLE SGY1 1;
  10947     VARIABLE SGX2 1;
  10948     VARIABLE SGY2 1;
  10949     VARIABLE EB1 1;
  10950     VARIABLE EB2 1;
  10951     VARIABLE E1 1;
  10952     VARIABLE GAMMA 1;
  10953     VARIABLE CHROM_X 1;
  10954     VARIABLE CHROM_Y 1;
  10955     VARIABLE CHROM_X_1 1;
  10956     VARIABLE CHROM_Y_1 1;
  10957     VARIABLE QUADKX 1;
  10958     VARIABLE QUADKY 1;
  10959     VARIABLE QUADKZ 1;
  10960     VARIABLE MU0 1;
  10961     VARIABLE MU_TP 800 3;
  10962     WRITE 6 'BEGIN';
  10963     SGX1 := SEXTGX1;
  10964     SGY1 := SEXTGY1;
  10965     EB1 := EBE;
  10966     SGX2 := SEXTGX2;
  10967     SGY2 := SEXTGY2;
  10968     WRITE 6 'SGx1, SGy1, EB1 = '&ST(SGX1)&' '&ST(SGY1)&' '&ST(EB1);
  10969     WRITE 6 'SGx2, SGy2 = '&ST(SGX2)&' '&ST(SGY2);
  10970     GAMMA := 1.143914;
  10971     FIT SGX1 SGY1;
  10972       LATTICE SGX1 SGY1 SGX2 SGY2 EB1 1; %LATTICE:10692
  10973       TP MU_TP; %TP: 3955
  10974       CHROM_X:= (MU_TP(1)|(0&0&0&0&1))*(1+1/GAMMA);
  10975       CHROM_Y:= (MU_TP(2)|(0&0&0&0&1))*(1+1/GAMMA);
  10976       OBJ:= SQRT(SQR(CHROM_X) + SQR(CHROM_Y));
  10977       WRITE 6 'SGx1, SGy1, EB1 = '&ST(SGX1)&' '&ST(SGY1)&' '&ST(EB1);
  10978       WRITE 6 'SGx2, SGy2 = '&ST(SGX2)&' '&ST(SGY2);
  10979       WRITE 6 'CHROM_X, CHROM_Y='&ST(CHROM_X)&' '&ST(CHROM_Y);
  10980       WRITE 6 'OBJ ='&ST(OBJ);
  10981       ENDFIT 1E-5 2000 1 OBJ;
  10982     WRITE 6 '====================================';
  10983     WRITE 6 'SGx1, SGx2, SGy1, SGy2, EB1 = '&ST(SGX1)&' '&ST(SGY1)&' '
                  &ST(EB1);
  10984     WRITE 6 'SGx2, SGy2 = '&ST(SGX2)&' '&ST(SGY2);
  10985     WRITE 6 'CHROM_X, CHROM_Y='&ST(CHROM_X)&' '&ST(CHROM_Y);
  10986     WRITE 6 'OBJ ='&ST(OBJ);
  10987     SEXTGX1 := SGX1;
  10988     SEXTGY1 := SGY1;
  10989     ENDPROCEDURE;
  10990   PROCEDURE OPTIMIZE SEXTGX1 SEXTGY1 SEXTGX2 SEXTGY2 EBE;
  10991     VARIABLE MU 800;
  10992     VARIABLE NBAR 800 3;
  10993     VARIABLE OBJ1 1;
  10994     VARIABLE OBJ2 1;
  10995     VARIABLE OBJ 1;
  10996     VARIABLE SGX1 1;
  10997     VARIABLE SGX2 1;
  10998     VARIABLE SGY1 1;
  10999     VARIABLE SGY2 1;
  11000     VARIABLE EB1 1;
  11001     VARIABLE EB2 1;
  11002     VARIABLE E1 1;
  11003     VARIABLE GAMMA 1;
  11004     VARIABLE CHROM_X 1;
  11005     VARIABLE CHROM_Y 1;
  11006     VARIABLE QUADKX 1;
  11007     VARIABLE QUADKY 1;
  11008     VARIABLE QUADKZ 1;
  11009     VARIABLE MU0 1;
  11010     VARIABLE MU_TP 800 3;
  11011     WRITE 6 'BEGIN';
  11012     GAMMA := 1.143914;
  11013     EB1 := EBE;
  11014     SGX1 := SEXTGX1;
  11015     SGY1 := SEXTGY1;
  11016     SGX2 := SEXTGX2;
  11017     SGY2 := SEXTGY2;
  11018     WRITE 6 'USE EB1 = '&ST(EB1);
  11019     WRITE 6 'SGx1 := '&ST(SGX1)&';';
  11020     WRITE 6 'SGy1 := '&ST(SGY1)&';';
  11021     WRITE 6 'SGx2 := '&ST(SGX2)&';';
  11022     WRITE 6 'SGy2 := '&ST(SGY2)&';';
  11023     FIT SGX1 SGY1 SGX2;
  11024       LATTICE SGX1 SGY1 SGX2 SGY2 EB1 1; %LATTICE:10692
  11025       TSS MU NBAR 0; %TSS: 4289
  11026       MU0 := CONS(MU);
  11027       DAPEE MU 11 QUADKX;
  11028       DAPEE MU 33 QUADKY;
  11029       DAPEE MU 66 QUADKZ;
  11030       OBJ := SQRT(SQR(QUADKX) + SQR(QUADKY)+SQR(QUADKZ));
  11031       WRITE 6 'USE EB1 = '&ST(EB1);
  11032       WRITE 6 'SGx1 := '&ST(SGX1)&';';
  11033       WRITE 6 'SGy1 := '&ST(SGY1)&';';
  11034       WRITE 6 'SGx2 := '&ST(SGX2)&';';
  11035       WRITE 6 'SGy2 := '&ST(SGY2)&';';
  11036       WRITE 6 'quadKx :='&ST(QUADKX)&';';
  11037       WRITE 6 'quadKy :='&ST(QUADKY)&';';
  11038       WRITE 6 'quadKz :='&ST(QUADKZ)&';';
  11039       WRITE 6 'MU0 = '&ST(MU0)&';';
  11040       WRITE 6 'OBJ ='&ST(OBJ)&';';
  11041       ENDFIT 1E-9 1000 1 OBJ;
  11042     WRITE 6 '====================================';
  11043     WRITE 6 'SGx1 := '&ST(SGX1)&';';
  11044     WRITE 6 'SGy1 := '&ST(SGY1)&';';
  11045     WRITE 6 'SGx2 := '&ST(SGX2)&';';
  11046     WRITE 6 'SGy2 := '&ST(SGY2)&';';
  11047     WRITE 6 'quadKx :='&ST(QUADKX)&';';
  11048     WRITE 6 'quadKy :='&ST(QUADKY)&';';
  11049     WRITE 6 'quadKz :='&ST(QUADKZ)&';';
  11050     WRITE 6 'MU0 = '&ST(MU0)&';';
  11051     WRITE 6 'OBJ ='&ST(OBJ)&';';
  11052     ENDPROCEDURE;
  11053   PROCEDURE MAIN;
  11054     VARIABLE GAMMA 1;
  11055     VARIABLE SGX1 1;
  11056     VARIABLE SGY1 1;
  11057     VARIABLE EB1 1;
  11058     VARIABLE SGX2 1;
  11059     VARIABLE SGY2 1;
  11060     VARIABLE MU 800;
  11061     VARIABLE NBAR 800 3;
  11062     GAMMA := 1.143914;
  11063     OV 2 2 1; %OV:  969
  11064     SET_FOR_DEUTERONS_CHROM GAMMA; %SET_FOR_DEUTERONS_CHROM:10673
  11065     EB1 := 133.4906633979517;
  11066     SGX1 := 0.0;
  11067     SGY1 := 0.0;
  11068     SGX2 := 0.0;
  11069     SGY2 := 0.0;
  11070     OPTIMIZE_CHROM SGX1 SGY1 SGX2 SGY2 GAMMA; %OPTIMIZE_CHROM:10939
  11071     WRITE 6 'USE EB1 = '&ST(EB1);
  11072     WRITE 6 'SGx1 := '&ST(SGX1)&';';
  11073     WRITE 6 'SGy1 := '&ST(SGY1)&';';
  11074     WRITE 6 'SGx2 := '&ST(SGX2)&';';
  11075     WRITE 6 'SGy2 := '&ST(SGY2)&';';
  11076     ENDPROCEDURE;
  11077   PROCEDURE RUN;
  11078     MAIN; %MAIN:11053
  11079     ENDPROCEDURE;
  11080   RUN; %RUN:11077
