 --- BIN FILE READ: seq_QFS
  10857 INCLUDE 'seq_QFS';
  10858   PROCEDURE OPTIMIZE SEXTGX1 SEXTGY1 SEXTGX2 SEXTGY2 EBE;
  10859     VARIABLE MU 800;
  10860     VARIABLE NBAR 800 3;
  10861     VARIABLE MU0 1;
  10862     VARIABLE OBJ1 1;
  10863     VARIABLE OBJ2 1;
  10864     VARIABLE OBJ 1;
  10865     VARIABLE SGX1 1;
  10866     VARIABLE SGY1 1;
  10867     VARIABLE SGX2 1;
  10868     VARIABLE SGY2 1;
  10869     VARIABLE EB1 1;
  10870     WRITE 6 'BEGIN';
  10871     SGX1 := SEXTGX1;
  10872     SGY1 := SEXTGY1;
  10873     SGX2 := SEXTGX2;
  10874     SGY2 := SEXTGY2;
  10875     EB1 := EBE;
  10876     WRITE 6 'SGx1, SGy1 = '&ST(SGX1)&' '&ST(SGY1);
  10877     WRITE 6 'SGx2, SGy2 = '&ST(SGX2)&' '&ST(SGY2);
  10878     WRITE 6 'EB1 = '&ST(EB1);
  10879     FIT EB1;
  10880       LATTICE SGX1 SGY1 SGX2 SGY2 EB1 1; %LATTICE:10648
  10881       WRITE 6 'LATTICE ALREADY READ';
  10882       TSS MU NBAR 0; %TSS: 4289
  10883       WRITE 6 'TSS DONE';
  10884       MU0 := CONS(MU);
  10885       OBJ := ABS(MU0);
  10886       WRITE 6 'EBE, MU0 = '&ST(EB1)&', '&ST(MU0);
  10887       WRITE 6 'OBJ ='&ST(OBJ);
  10888       ENDFIT 1E-15 1000 1 OBJ;
  10889     EBE := EB1;
  10890     ENDPROCEDURE;
  10891   PROCEDURE MAIN;
  10892     VARIABLE GAMMA 1;
  10893     VARIABLE SGX1 1;
  10894     VARIABLE SGY1 1;
  10895     VARIABLE SGX2 1;
  10896     VARIABLE SGY2 1;
  10897     VARIABLE EB1 1;
  10898     GAMMA := 1.143914;
  10899     SGX1 := 0.0;
  10900     SGY1 := 0.0;
  10901     SGX2 := 0.0;
  10902     SGY2 := 0.0;
  10903     EB1 := 0.0;
  10904     OV 3 3 0; %OV:  969
  10905     SET_FOR_DEUTERONS GAMMA; %SET_FOR_DEUTERONS:10611
  10906     PM 6; %PM: 1574
  10907     OPTIMIZE SGX1 SGY1 SGX2 SGY2 EB1; %OPTIMIZE:10858
  10908     WRITE 6 'SGx1, SGy1 = '&ST(SGX1)&' '&ST(SGY1);
  10909     WRITE 6 'SGx2, SGy2 = '&ST(SGX2)&' '&ST(SGY2);
  10910     WRITE 6 'EB1 = '&ST(EB1);
  10911     ENDPROCEDURE;
  10912   PROCEDURE RUN;
  10913     MAIN; %MAIN:10891
  10914     ENDPROCEDURE;
  10915   RUN; %RUN:10912
