 --- BIN FILE READ: header
  10691 INCLUDE 'header';
  10692   PROCEDURE LATTICE SEXTGX1 SEXTGY1 SEXTGX2 SEXTGY2 Y RFFLAG;
  10693     VARIABLE VRF 1 1 1;
  10694     VARIABLE FREQ 1;
  10695     VARIABLE HNUM 1;
  10696     VARIABLE I 1;
  10697     VARIABLE LEN_S 1;
  10698     VARIABLE A 1;
  10699     VARIABLE LEN_S_1 1;
  10700     VARIABLE EBE 1;
  10701     VARIABLE BBE 1;
  10702     VARIABLE QF0 1;
  10703     VARIABLE QFA1 1;
  10704     VARIABLE QDA1 1;
  10705     VARIABLE QFA2 1;
  10706     VARIABLE QDA2 1;
  10707     VARIABLE SFP 1;
  10708     VARIABLE SFN 1;
  10709     VARIABLE SDP 1;
  10710     VARIABLE SDN 1;
  10711     VARIABLE GAMMA 1;
  10712     GAMMA := Y;
  10713     A := 0.05;
  10714     LEN_S := 0.15;
  10715     LEN_S_1 := 0.000001;
  10716     SFP := SEXTGX1;
  10717     SFN := SEXTGX2;
  10718     SDP := SEXTGY1;
  10719     SDN := SEXTGY2;
  10720     QFA1:=3.922609163;
  10721     QDA1:=-2.941956872;
  10722     QFA2:=2.389800743;
  10723     QDA2:=-2.473199325;
  10724     HNUM := 66;
  10725     VRF(1, 1) := 100/HNUM;
  10726     FREQ := HNUM*REVFREQ(FACCLEN(1)); %REVFREQ: 9907 %FACCLEN:10628
  10727     WRITE 6 '********************************************';
  10728     WRITE 6 '*      FS NICA BYPASS 7 NOW 2022           *';
  10729     WRITE 6 '********************************************';
  10730     WRITE 6 'REVOLUTION FREQUENCY: '&ST(REVFREQ(FACCLEN(1))/1E6)&' MHZ
                  '; %REVFREQ: 9907 %FACCLEN:10628
  10731     WRITE 6 'RF FREQUENCY: '&ST(FREQ/1E6)&' MHZ';
  10732     UM; %UM: 1488
  10733     CR; %CR:  947
  10734     IF RFFLAG=1;
  10735       RF VRF 0 FREQ 0 0.05; %RF: 8697
  10736       ENDIF;
  10737     LOOP I 1 2;
  10738       QUAD 0.05 0 QDA2; %QUAD:10321
  10739       DL 0.25; %DL: 6559
  10740       DL 0.15; %DL: 6559
  10741       DL 0.25; %DL: 6559
  10742       DL 2.2; %DL: 6559
  10743       DL 0.25; %DL: 6559
  10744       DL 0.15; %DL: 6559
  10745       DL 0.25; %DL: 6559
  10746       QUAD 0.05 0 QFA2; %QUAD:10321
  10747       QUAD 0.05 0 QFA2; %QUAD:10321
  10748       DL 0.25; %DL: 6559
  10749       DL 0.15; %DL: 6559
  10750       DL 0.25; %DL: 6559
  10751       DL 2.2; %DL: 6559
  10752       DL 0.25; %DL: 6559
  10753       DL 0.15; %DL: 6559
  10754       DL 0.25; %DL: 6559
  10755       QUAD 0.05 0 QDA2; %QUAD:10321
  10756       QUAD 0.05 0 QDA2; %QUAD:10321
  10757       DL 0.25; %DL: 6559
  10758       DL 0.15; %DL: 6559
  10759       DL 0.25; %DL: 6559
  10760       DL 2.2; %DL: 6559
  10761       DL 0.25; %DL: 6559
  10762       DL 0.15; %DL: 6559
  10763       DL 0.25; %DL: 6559
  10764       QUAD 0.05 0 QFA2; %QUAD:10321
  10765       QUAD 0.05 0 QFA1; %QUAD:10321
  10766       DL 0.25; %DL: 6559
  10767       DL 0.15; %DL: 6559
  10768       DL 0.25; %DL: 6559
  10769       WIEN2D 1.80786722 0.196314634 GAMMA 0; %WIEN2D:10583
  10770       DL 0.25; %DL: 6559
  10771       DL 0.15; %DL: 6559
  10772       DL 0.25; %DL: 6559
  10773       QUAD 0.05 0 QDA1; %QUAD:10321
  10774       QUAD 0.05 0 QDA1; %QUAD:10321
  10775       DL 0.25; %DL: 6559
  10776       MH LEN_S SDP 0.05; %MH: 7153
  10777       DL 0.25; %DL: 6559
  10778       WIEN2D 1.80786722 0.196314634 GAMMA 0; %WIEN2D:10583
  10779       DL 0.25; %DL: 6559
  10780       DL 0.15; %DL: 6559
  10781       DL 0.25; %DL: 6559
  10782       QUAD 0.05 0 QFA1; %QUAD:10321
  10783       QUAD 0.05 0 QFA1; %QUAD:10321
  10784       DL 0.25; %DL: 6559
  10785       MH LEN_S SFP 0.05; %MH: 7153
  10786       DL 0.25; %DL: 6559
  10787       WIEN2D 1.80786722 0.196314634 GAMMA 0; %WIEN2D:10583
  10788       DL 0.25; %DL: 6559
  10789       DL 0.15; %DL: 6559
  10790       DL 0.25; %DL: 6559
  10791       QUAD 0.05 0 QDA1; %QUAD:10321
  10792       QUAD 0.05 0 QDA1; %QUAD:10321
  10793       DL 0.25; %DL: 6559
  10794       MH LEN_S SDP 0.05; %MH: 7153
  10795       DL 0.25; %DL: 6559
  10796       WIEN2D 1.80786722 0.196314634 GAMMA 0; %WIEN2D:10583
  10797       DL 0.25; %DL: 6559
  10798       DL 0.15; %DL: 6559
  10799       DL 0.25; %DL: 6559
  10800       QUAD 0.05 0 QFA1; %QUAD:10321
  10801       QUAD 0.05 0 QFA1; %QUAD:10321
  10802       DL 0.25; %DL: 6559
  10803       MH LEN_S SFN 0.05; %MH: 7153
  10804       DL 0.25; %DL: 6559
  10805       WIEN2D 1.80786722 0.196314634 GAMMA 0; %WIEN2D:10583
  10806       DL 0.25; %DL: 6559
  10807       DL 0.15; %DL: 6559
  10808       DL 0.25; %DL: 6559
  10809       QUAD 0.05 0 QDA1; %QUAD:10321
  10810       QUAD 0.05 0 QDA1; %QUAD:10321
  10811       DL 0.25; %DL: 6559
  10812       MH LEN_S SDP 0.05; %MH: 7153
  10813       DL 0.25; %DL: 6559
  10814       WIEN2D 1.80786722 0.196314634 GAMMA 0; %WIEN2D:10583
  10815       DL 0.25; %DL: 6559
  10816       DL 0.15; %DL: 6559
  10817       DL 0.25; %DL: 6559
  10818       QUAD 0.05 0 QFA1; %QUAD:10321
  10819       QUAD 0.05 0 QFA1; %QUAD:10321
  10820       DL 0.25; %DL: 6559
  10821       MH LEN_S SFP 0.05; %MH: 7153
  10822       DL 0.25; %DL: 6559
  10823       WIEN2D 1.80786722 0.196314634 GAMMA 0; %WIEN2D:10583
  10824       DL 0.25; %DL: 6559
  10825       DL 0.15; %DL: 6559
  10826       DL 0.25; %DL: 6559
  10827       QUAD 0.05 0 QDA1; %QUAD:10321
  10828       QUAD 0.05 0 QDA1; %QUAD:10321
  10829       DL 0.25; %DL: 6559
  10830       MH LEN_S SDP 0.05; %MH: 7153
  10831       DL 0.25; %DL: 6559
  10832       WIEN2D 1.80786722 0.196314634 GAMMA 0; %WIEN2D:10583
  10833       DL 0.25; %DL: 6559
  10834       DL 0.15; %DL: 6559
  10835       DL 0.25; %DL: 6559
  10836       QUAD 0.05 0 QFA1; %QUAD:10321
  10837       QUAD 0.05 0 QFA1; %QUAD:10321
  10838       DL 0.25; %DL: 6559
  10839       DL 0.15; %DL: 6559
  10840       DL 0.25; %DL: 6559
  10841       WIEN2D 1.80786722 0.196314634 GAMMA 0; %WIEN2D:10583
  10842       DL 0.25; %DL: 6559
  10843       DL 0.15; %DL: 6559
  10844       DL 0.25; %DL: 6559
  10845       QUAD 0.05 0 QDA1; %QUAD:10321
  10846       QUAD 0.05 0 QDA1; %QUAD:10321
  10847       DL 0.25; %DL: 6559
  10848       MH LEN_S SDP 0.05; %MH: 7153
  10849       DL 0.25; %DL: 6559
  10850       WIEN2D 1.80786722 0.196314634 GAMMA 0; %WIEN2D:10583
  10851       DL 0.25; %DL: 6559
  10852       DL 0.15; %DL: 6559
  10853       DL 0.25; %DL: 6559
  10854       QUAD 0.05 0 QFA1; %QUAD:10321
  10855       QUAD 0.05 0 QFA1; %QUAD:10321
  10856       DL 0.25; %DL: 6559
  10857       MH LEN_S SFP 0.05; %MH: 7153
  10858       DL 0.25; %DL: 6559
  10859       WIEN2D 1.80786722 0.196314634 GAMMA 0; %WIEN2D:10583
  10860       DL 0.25; %DL: 6559
  10861       DL 0.15; %DL: 6559
  10862       DL 0.25; %DL: 6559
  10863       QUAD 0.05 0 QDA1; %QUAD:10321
  10864       QUAD 0.05 0 QDA1; %QUAD:10321
  10865       DL 0.25; %DL: 6559
  10866       MH LEN_S SDP 0.05; %MH: 7153
  10867       DL 0.25; %DL: 6559
  10868       WIEN2D 1.80786722 0.196314634 GAMMA 0; %WIEN2D:10583
  10869       DL 0.25; %DL: 6559
  10870       DL 0.15; %DL: 6559
  10871       DL 0.25; %DL: 6559
  10872       QUAD 0.05 0 QFA1; %QUAD:10321
  10873       QUAD 0.05 0 QFA1; %QUAD:10321
  10874       DL 0.25; %DL: 6559
  10875       MH LEN_S SFN 0.05; %MH: 7153
  10876       DL 0.25; %DL: 6559
  10877       WIEN2D 1.80786722 0.196314634 GAMMA 0; %WIEN2D:10583
  10878       DL 0.25; %DL: 6559
  10879       DL 0.15; %DL: 6559
  10880       DL 0.25; %DL: 6559
  10881       QUAD 0.05 0 QDA1; %QUAD:10321
  10882       QUAD 0.05 0 QDA1; %QUAD:10321
  10883       DL 0.25; %DL: 6559
  10884       MH LEN_S SDP 0.05; %MH: 7153
  10885       DL 0.25; %DL: 6559
  10886       WIEN2D 1.80786722 0.196314634 GAMMA 0; %WIEN2D:10583
  10887       DL 0.25; %DL: 6559
  10888       DL 0.15; %DL: 6559
  10889       DL 0.25; %DL: 6559
  10890       QUAD 0.05 0 QFA1; %QUAD:10321
  10891       QUAD 0.05 0 QFA1; %QUAD:10321
  10892       DL 0.25; %DL: 6559
  10893       MH LEN_S SFP 0.05; %MH: 7153
  10894       DL 0.25; %DL: 6559
  10895       WIEN2D 1.80786722 0.196314634 GAMMA 0; %WIEN2D:10583
  10896       DL 0.25; %DL: 6559
  10897       DL 0.15; %DL: 6559
  10898       DL 0.25; %DL: 6559
  10899       QUAD 0.05 0 QDA1; %QUAD:10321
  10900       QUAD 0.05 0 QDA1; %QUAD:10321
  10901       DL 0.25; %DL: 6559
  10902       MH LEN_S SDP 0.05; %MH: 7153
  10903       DL 0.25; %DL: 6559
  10904       WIEN2D 1.80786722 0.196314634 GAMMA 0; %WIEN2D:10583
  10905       DL 0.25; %DL: 6559
  10906       DL 0.15; %DL: 6559
  10907       DL 0.25; %DL: 6559
  10908       QUAD 0.05 0 QFA1; %QUAD:10321
  10909       QUAD 0.05 0 QFA2; %QUAD:10321
  10910       DL 0.25; %DL: 6559
  10911       DL 0.15; %DL: 6559
  10912       DL 0.25; %DL: 6559
  10913       DL 2.2; %DL: 6559
  10914       DL 0.25; %DL: 6559
  10915       DL 0.15; %DL: 6559
  10916       DL 0.25; %DL: 6559
  10917       QUAD 0.05 0 QDA2; %QUAD:10321
  10918       QUAD 0.05 0 QDA2; %QUAD:10321
  10919       DL 0.25; %DL: 6559
  10920       DL 0.15; %DL: 6559
  10921       DL 0.25; %DL: 6559
  10922       DL 2.2; %DL: 6559
  10923       DL 0.25; %DL: 6559
  10924       DL 0.15; %DL: 6559
  10925       DL 0.25; %DL: 6559
  10926       QUAD 0.05 0 QFA2; %QUAD:10321
  10927       QUAD 0.05 0 QFA2; %QUAD:10321
  10928       DL 0.25; %DL: 6559
  10929       DL 0.15; %DL: 6559
  10930       DL 0.25; %DL: 6559
  10931       DL 2.2; %DL: 6559
  10932       DL 0.25; %DL: 6559
  10933       DL 0.15; %DL: 6559
  10934       DL 0.25; %DL: 6559
  10935       QUAD 0.05 0 QDA2; %QUAD:10321
  10936       ENDLOOP;
  10937     ENDPROCEDURE;
 --- BIN FILE WRITTEN: seq_dFS
  10938   SAVE 'seq_dFS';
