 --- BIN FILE READ: header
  10647 INCLUDE 'header';
  10648   PROCEDURE LATTICE SEXTGX1 SEXTGY1 SEXTGX2 SEXTGY2 EB1 RFFLAG;
  10649     VARIABLE VRF 1 1 1;
  10650     VARIABLE FREQ 1;
  10651     VARIABLE HNUM 1;
  10652     VARIABLE I 1;
  10653     VARIABLE LEN_S 1;
  10654     VARIABLE A 1;
  10655     VARIABLE LEN_S_1 1;
  10656     VARIABLE EBE 1;
  10657     VARIABLE BBE 1;
  10658     VARIABLE QF0 1;
  10659     VARIABLE QFA1 1;
  10660     VARIABLE QDA1 1;
  10661     VARIABLE QFA2 1;
  10662     VARIABLE QDA2 1;
  10663     VARIABLE SFP 1;
  10664     VARIABLE SFN 1;
  10665     VARIABLE SDP 1;
  10666     VARIABLE SDN 1;
  10667     EBE := EB1;
  10668     A := 0.05;
  10669     LEN_S := 0.15;
  10670     LEN_S_1 := 0.000001;
  10671     SFP := SEXTGX1;
  10672     SFN := SEXTGX2;
  10673     SDP := SEXTGY1;
  10674     SDN := SEXTGY2;
  10675     QFA1:=4.044540388;
  10676     QDA1:=-3.409425874;
  10677     QFA2:=2.891094192;
  10678     QDA2:=-2.965305942;
  10679     HNUM := 66;
  10680     VRF(1, 1) := 100/HNUM;
  10681     FREQ := HNUM*REVFREQ(FACCLEN(1)); %REVFREQ: 9907 %FACCLEN:10584
  10682     WRITE 6 '********************************************';
  10683     WRITE 6 '*      FS NICA BYPASS 7 NOW 2022           *';
  10684     WRITE 6 '********************************************';
  10685     WRITE 6 'REVOLUTION FREQUENCY: '&ST(REVFREQ(FACCLEN(1))/1E6)&' MHZ
                  '; %REVFREQ: 9907 %FACCLEN:10584
  10686     WRITE 6 'RF FREQUENCY: '&ST(FREQ/1E6)&' MHZ';
  10687     UM; %UM: 1488
  10688     CR; %CR:  947
  10689     IF RFFLAG=1;
  10690       RF VRF 0 FREQ 0 0.05; %RF: 8697
  10691       ENDIF;
  10692     LOOP I 1 2;
  10693       QUAD 0.05 0 QDA2; %QUAD:10321
  10694       DL 0.25; %DL: 6559
  10695       DL 0.15; %DL: 6559
  10696       DL 0.25; %DL: 6559
  10697       DL 2.2; %DL: 6559
  10698       DL 0.25; %DL: 6559
  10699       DL 0.15; %DL: 6559
  10700       DL 0.25; %DL: 6559
  10701       QUAD 0.05 0 QFA2; %QUAD:10321
  10702       QUAD 0.05 0 QFA2; %QUAD:10321
  10703       DL 0.25; %DL: 6559
  10704       DL 0.15; %DL: 6559
  10705       DL 0.25; %DL: 6559
  10706       DL 2.2; %DL: 6559
  10707       DL 0.25; %DL: 6559
  10708       DL 0.15; %DL: 6559
  10709       DL 0.25; %DL: 6559
  10710       QUAD 0.05 0 QDA2; %QUAD:10321
  10711       QUAD 0.05 0 QDA2; %QUAD:10321
  10712       DL 0.25; %DL: 6559
  10713       DL 0.15; %DL: 6559
  10714       DL 0.25; %DL: 6559
  10715       DL 2.2; %DL: 6559
  10716       DL 0.25; %DL: 6559
  10717       DL 0.15; %DL: 6559
  10718       DL 0.25; %DL: 6559
  10719       QUAD 0.05 0 QFA2; %QUAD:10321
  10720       QUAD 0.05 0 QFA1; %QUAD:10321
  10721       DL 0.25; %DL: 6559
  10722       DL 0.15; %DL: 6559
  10723       DL 0.25; %DL: 6559
  10724       SBEND 1.516863 0.7853655216 0 0 0 0 0 0.5 0.5; %SBEND:10385
  10725       DL 0.25; %DL: 6559
  10726       DL 0.15; %DL: 6559
  10727       DL 0.25; %DL: 6559
  10728       QUAD 0.05 0 QDA1; %QUAD:10321
  10729       QUAD 0.05 0 QDA1; %QUAD:10321
  10730       DL 0.25; %DL: 6559
  10731       MH LEN_S SDP 0.05; %MH: 7153
  10732       DL 0.25; %DL: 6559
  10733       SBEND 1.516863 0.7853655216 0 0 0 0 0 0.5 0.5; %SBEND:10385
  10734       DL 0.25; %DL: 6559
  10735       DL 0.15; %DL: 6559
  10736       DL 0.25; %DL: 6559
  10737       QUAD 0.05 0 QFA1; %QUAD:10321
  10738       QUAD 0.05 0 QFA2; %QUAD:10321
  10739       DL 0.25; %DL: 6559
  10740       MH LEN_S SFP 0.05; %MH: 7153
  10741       DL 0.25; %DL: 6559
  10742       WIEN 3.6155403 BBE EBE 0; %WIEN:10506
  10743       DL 0.25; %DL: 6559
  10744       DL 0.15; %DL: 6559
  10745       DL 0.25; %DL: 6559
  10746       QUAD 0.05 0 QDA2; %QUAD:10321
  10747       QUAD 0.05 0 QDA2; %QUAD:10321
  10748       DL 0.25; %DL: 6559
  10749       MH LEN_S SDP 0.05; %MH: 7153
  10750       DL 0.25; %DL: 6559
  10751       WIEN 3.6155403 BBE EBE 0; %WIEN:10506
  10752       DL 0.25; %DL: 6559
  10753       DL 0.15; %DL: 6559
  10754       DL 0.25; %DL: 6559
  10755       QUAD 0.05 0 QFA2; %QUAD:10321
  10756       QUAD 0.05 0 QFA2; %QUAD:10321
  10757       DL 0.25; %DL: 6559
  10758       MH LEN_S SFP 0.05; %MH: 7153
  10759       DL 0.25; %DL: 6559
  10760       WIEN 3.6155403 BBE EBE 0; %WIEN:10506
  10761       DL 0.25; %DL: 6559
  10762       DL 0.15; %DL: 6559
  10763       DL 0.25; %DL: 6559
  10764       QUAD 0.05 0 QDA2; %QUAD:10321
  10765       QUAD 0.05 0 QDA2; %QUAD:10321
  10766       DL 0.25; %DL: 6559
  10767       MH LEN_S SDN 0.05; %MH: 7153
  10768       DL 0.25; %DL: 6559
  10769       WIEN 3.6155403 BBE EBE 0; %WIEN:10506
  10770       DL 0.25; %DL: 6559
  10771       DL 0.15; %DL: 6559
  10772       DL 0.25; %DL: 6559
  10773       QUAD 0.05 0 QFA2; %QUAD:10321
  10774       QUAD 0.05 0 QFA2; %QUAD:10321
  10775       DL 0.25; %DL: 6559
  10776       MH LEN_S SFN 0.05; %MH: 7153
  10777       DL 0.25; %DL: 6559
  10778       WIEN 3.6155403 BBE EBE 0; %WIEN:10506
  10779       DL 0.25; %DL: 6559
  10780       DL 0.15; %DL: 6559
  10781       DL 0.25; %DL: 6559
  10782       QUAD 0.05 0 QDA2; %QUAD:10321
  10783       QUAD 0.05 0 QDA2; %QUAD:10321
  10784       DL 0.25; %DL: 6559
  10785       MH LEN_S SDN 0.05; %MH: 7153
  10786       DL 0.25; %DL: 6559
  10787       WIEN 3.6155403 BBE EBE 0; %WIEN:10506
  10788       DL 0.25; %DL: 6559
  10789       DL 0.15; %DL: 6559
  10790       DL 0.25; %DL: 6559
  10791       QUAD 0.05 0 QFA2; %QUAD:10321
  10792       QUAD 0.05 0 QFA2; %QUAD:10321
  10793       DL 0.25; %DL: 6559
  10794       MH LEN_S SFP 0.05; %MH: 7153
  10795       DL 0.25; %DL: 6559
  10796       WIEN 3.6155403 BBE EBE 0; %WIEN:10506
  10797       DL 0.25; %DL: 6559
  10798       DL 0.15; %DL: 6559
  10799       DL 0.25; %DL: 6559
  10800       QUAD 0.05 0 QDA2; %QUAD:10321
  10801       QUAD 0.05 0 QDA2; %QUAD:10321
  10802       DL 0.25; %DL: 6559
  10803       MH LEN_S SDP 0.05; %MH: 7153
  10804       DL 0.25; %DL: 6559
  10805       WIEN 3.6155403 BBE EBE 0; %WIEN:10506
  10806       DL 0.25; %DL: 6559
  10807       DL 0.15; %DL: 6559
  10808       DL 0.25; %DL: 6559
  10809       QUAD 0.05 0 QFA2; %QUAD:10321
  10810       QUAD 0.05 0 QFA1; %QUAD:10321
  10811       DL 0.25; %DL: 6559
  10812       MH LEN_S SFP 0.05; %MH: 7153
  10813       DL 0.25; %DL: 6559
  10814       SBEND 1.516863 0.7853655216 0 0 0 0 0 0.5 0.5; %SBEND:10385
  10815       DL 0.25; %DL: 6559
  10816       DL 0.15; %DL: 6559
  10817       DL 0.25; %DL: 6559
  10818       QUAD 0.05 0 QDA1; %QUAD:10321
  10819       QUAD 0.05 0 QDA1; %QUAD:10321
  10820       DL 0.25; %DL: 6559
  10821       MH LEN_S SDP 0.05; %MH: 7153
  10822       DL 0.25; %DL: 6559
  10823       SBEND 1.516863 0.7853655216 0 0 0 0 0 0.5 0.5; %SBEND:10385
  10824       DL 0.25; %DL: 6559
  10825       DL 0.15; %DL: 6559
  10826       DL 0.25; %DL: 6559
  10827       QUAD 0.05 0 QFA1; %QUAD:10321
  10828       QUAD 0.05 0 QFA2; %QUAD:10321
  10829       DL 0.25; %DL: 6559
  10830       DL 0.15; %DL: 6559
  10831       DL 0.25; %DL: 6559
  10832       DL 2.2; %DL: 6559
  10833       DL 0.25; %DL: 6559
  10834       DL 0.15; %DL: 6559
  10835       DL 0.25; %DL: 6559
  10836       QUAD 0.05 0 QDA2; %QUAD:10321
  10837       QUAD 0.05 0 QDA2; %QUAD:10321
  10838       DL 0.25; %DL: 6559
  10839       DL 0.15; %DL: 6559
  10840       DL 0.25; %DL: 6559
  10841       DL 2.2; %DL: 6559
  10842       DL 0.25; %DL: 6559
  10843       DL 0.15; %DL: 6559
  10844       DL 0.25; %DL: 6559
  10845       QUAD 0.05 0 QFA2; %QUAD:10321
  10846       QUAD 0.05 0 QFA2; %QUAD:10321
  10847       DL 0.25; %DL: 6559
  10848       DL 0.15; %DL: 6559
  10849       DL 0.25; %DL: 6559
  10850       DL 2.2; %DL: 6559
  10851       DL 0.25; %DL: 6559
  10852       DL 0.15; %DL: 6559
  10853       DL 0.25; %DL: 6559
  10854       QUAD 0.05 0 QDA2; %QUAD:10321
  10855       ENDLOOP;
  10856     ENDPROCEDURE;
 --- BIN FILE WRITTEN: seq_QFS
  10857   SAVE 'seq_QFS';
