 --- BIN FILE READ: header
  10647 INCLUDE 'header';
  10648   PROCEDURE LATTICE SEXTGX1 SEXTGY1 SEXTGX2 SEXTGY2 EB1 RFFLAG MAPARR 
                  SPNRARR;
  10649     VARIABLE VRF 1 1 1;
  10650     VARIABLE FREQ 1;
  10651     VARIABLE HNUM 1;
  10652     VARIABLE I 1;
  10653     VARIABLE LEN_S 1;
  10654     VARIABLE A 1;
  10655     VARIABLE LEN_S_1 1;
  10656     VARIABLE EBE 1;
  10657     VARIABLE BBE 1;
  10658     VARIABLE QF0 1;
  10659     VARIABLE QFA1 1;
  10660     VARIABLE QDA1 1;
  10661     VARIABLE QFA2 1;
  10662     VARIABLE QDA2 1;
  10663     VARIABLE SFP 1;
  10664     VARIABLE SFN 1;
  10665     VARIABLE SDP 1;
  10666     VARIABLE SDN 1;
  10667     EBE := EB1;
  10668     A := 0.05;
  10669     LEN_S := 0.15;
  10670     LEN_S_1 := 0.000001;
  10671     SFP := SEXTGX1;
  10672     SFN := SEXTGX2;
  10673     SDP := SEXTGY1;
  10674     SDN := SEXTGY2;
  10675     QFA1:=4.044540388;
  10676     QDA1:=-3.409425874;
  10677     QFA2:=2.891094192;
  10678     QDA2:=-2.965305942;
  10679     HNUM := 66;
  10680     VRF(1, 1) := 100/HNUM;
  10681     FREQ := HNUM*REVFREQ(FACCLEN(1)); %REVFREQ: 9907 %FACCLEN:10584
  10682     WRITE 6 '********************************************';
  10683     WRITE 6 '*      FS NICA BYPASS 7 NOW 2022           *';
  10684     WRITE 6 '********************************************';
  10685     WRITE 6 'REVOLUTION FREQUENCY: '&ST(REVFREQ(FACCLEN(1))/1E6)&' MHZ
                  '; %REVFREQ: 9907 %FACCLEN:10584
  10686     WRITE 6 'RF FREQUENCY: '&ST(FREQ/1E6)&' MHZ';
  10687     UM; %UM: 1488
  10688     CR; %CR:  947
  10689     IF RFFLAG=1;
  10690       RF VRF 0 FREQ 0 0.05; %RF: 8697
  10691       ENDIF;
  10692     LOOP I 1 1;
  10693       UM; %UM: 1488
  10694       QUAD 0.05 0 QDA2; %QUAD:10321
  10695       SMAPS 1 MAPARR SPNRARR; %SMAPS:10113
  10696       UM; %UM: 1488
  10697       DL 0.25; %DL: 6559
  10698       SMAPS 2 MAPARR SPNRARR; %SMAPS:10113
  10699       UM; %UM: 1488
  10700       DL 0.15; %DL: 6559
  10701       SMAPS 3 MAPARR SPNRARR; %SMAPS:10113
  10702       UM; %UM: 1488
  10703       DL 0.25; %DL: 6559
  10704       SMAPS 4 MAPARR SPNRARR; %SMAPS:10113
  10705       UM; %UM: 1488
  10706       DL 2.2; %DL: 6559
  10707       SMAPS 5 MAPARR SPNRARR; %SMAPS:10113
  10708       UM; %UM: 1488
  10709       DL 0.25; %DL: 6559
  10710       SMAPS 6 MAPARR SPNRARR; %SMAPS:10113
  10711       UM; %UM: 1488
  10712       DL 0.15; %DL: 6559
  10713       SMAPS 7 MAPARR SPNRARR; %SMAPS:10113
  10714       UM; %UM: 1488
  10715       DL 0.25; %DL: 6559
  10716       SMAPS 8 MAPARR SPNRARR; %SMAPS:10113
  10717       UM; %UM: 1488
  10718       QUAD 0.05 0 QFA2; %QUAD:10321
  10719       SMAPS 9 MAPARR SPNRARR; %SMAPS:10113
  10720       UM; %UM: 1488
  10721       QUAD 0.05 0 QFA2; %QUAD:10321
  10722       SMAPS 10 MAPARR SPNRARR; %SMAPS:10113
  10723       UM; %UM: 1488
  10724       DL 0.25; %DL: 6559
  10725       SMAPS 11 MAPARR SPNRARR; %SMAPS:10113
  10726       UM; %UM: 1488
  10727       DL 0.15; %DL: 6559
  10728       SMAPS 12 MAPARR SPNRARR; %SMAPS:10113
  10729       UM; %UM: 1488
  10730       DL 0.25; %DL: 6559
  10731       SMAPS 13 MAPARR SPNRARR; %SMAPS:10113
  10732       UM; %UM: 1488
  10733       DL 2.2; %DL: 6559
  10734       SMAPS 14 MAPARR SPNRARR; %SMAPS:10113
  10735       UM; %UM: 1488
  10736       DL 0.25; %DL: 6559
  10737       SMAPS 15 MAPARR SPNRARR; %SMAPS:10113
  10738       UM; %UM: 1488
  10739       DL 0.15; %DL: 6559
  10740       SMAPS 16 MAPARR SPNRARR; %SMAPS:10113
  10741       UM; %UM: 1488
  10742       DL 0.25; %DL: 6559
  10743       SMAPS 17 MAPARR SPNRARR; %SMAPS:10113
  10744       UM; %UM: 1488
  10745       QUAD 0.05 0 QDA2; %QUAD:10321
  10746       SMAPS 18 MAPARR SPNRARR; %SMAPS:10113
  10747       UM; %UM: 1488
  10748       QUAD 0.05 0 QDA2; %QUAD:10321
  10749       SMAPS 19 MAPARR SPNRARR; %SMAPS:10113
  10750       UM; %UM: 1488
  10751       DL 0.25; %DL: 6559
  10752       SMAPS 20 MAPARR SPNRARR; %SMAPS:10113
  10753       UM; %UM: 1488
  10754       DL 0.15; %DL: 6559
  10755       SMAPS 21 MAPARR SPNRARR; %SMAPS:10113
  10756       UM; %UM: 1488
  10757       DL 0.25; %DL: 6559
  10758       SMAPS 22 MAPARR SPNRARR; %SMAPS:10113
  10759       UM; %UM: 1488
  10760       DL 2.2; %DL: 6559
  10761       SMAPS 23 MAPARR SPNRARR; %SMAPS:10113
  10762       UM; %UM: 1488
  10763       DL 0.25; %DL: 6559
  10764       SMAPS 24 MAPARR SPNRARR; %SMAPS:10113
  10765       UM; %UM: 1488
  10766       DL 0.15; %DL: 6559
  10767       SMAPS 25 MAPARR SPNRARR; %SMAPS:10113
  10768       UM; %UM: 1488
  10769       DL 0.25; %DL: 6559
  10770       SMAPS 26 MAPARR SPNRARR; %SMAPS:10113
  10771       UM; %UM: 1488
  10772       QUAD 0.05 0 QFA2; %QUAD:10321
  10773       SMAPS 27 MAPARR SPNRARR; %SMAPS:10113
  10774       UM; %UM: 1488
  10775       QUAD 0.05 0 QFA1; %QUAD:10321
  10776       SMAPS 28 MAPARR SPNRARR; %SMAPS:10113
  10777       UM; %UM: 1488
  10778       DL 0.25; %DL: 6559
  10779       SMAPS 29 MAPARR SPNRARR; %SMAPS:10113
  10780       UM; %UM: 1488
  10781       DL 0.15; %DL: 6559
  10782       SMAPS 30 MAPARR SPNRARR; %SMAPS:10113
  10783       UM; %UM: 1488
  10784       DL 0.25; %DL: 6559
  10785       SMAPS 31 MAPARR SPNRARR; %SMAPS:10113
  10786       UM; %UM: 1488
  10787       SBEND 1.516863 0.7853655216 0 0 0 0 0 0.5 0.5; %SBEND:10385
  10788       SMAPS 32 MAPARR SPNRARR; %SMAPS:10113
  10789       UM; %UM: 1488
  10790       DL 0.25; %DL: 6559
  10791       SMAPS 33 MAPARR SPNRARR; %SMAPS:10113
  10792       UM; %UM: 1488
  10793       DL 0.15; %DL: 6559
  10794       SMAPS 34 MAPARR SPNRARR; %SMAPS:10113
  10795       UM; %UM: 1488
  10796       DL 0.25; %DL: 6559
  10797       SMAPS 35 MAPARR SPNRARR; %SMAPS:10113
  10798       UM; %UM: 1488
  10799       QUAD 0.05 0 QDA1; %QUAD:10321
  10800       SMAPS 36 MAPARR SPNRARR; %SMAPS:10113
  10801       UM; %UM: 1488
  10802       QUAD 0.05 0 QDA1; %QUAD:10321
  10803       SMAPS 37 MAPARR SPNRARR; %SMAPS:10113
  10804       UM; %UM: 1488
  10805       DL 0.25; %DL: 6559
  10806       SMAPS 38 MAPARR SPNRARR; %SMAPS:10113
  10807       UM; %UM: 1488
  10808       MH LEN_S SDP 0.05; %MH: 7153
  10809       SMAPS 39 MAPARR SPNRARR; %SMAPS:10113
  10810       UM; %UM: 1488
  10811       DL 0.25; %DL: 6559
  10812       SMAPS 40 MAPARR SPNRARR; %SMAPS:10113
  10813       UM; %UM: 1488
  10814       SBEND 1.516863 0.7853655216 0 0 0 0 0 0.5 0.5; %SBEND:10385
  10815       SMAPS 41 MAPARR SPNRARR; %SMAPS:10113
  10816       UM; %UM: 1488
  10817       DL 0.25; %DL: 6559
  10818       SMAPS 42 MAPARR SPNRARR; %SMAPS:10113
  10819       UM; %UM: 1488
  10820       DL 0.15; %DL: 6559
  10821       SMAPS 43 MAPARR SPNRARR; %SMAPS:10113
  10822       UM; %UM: 1488
  10823       DL 0.25; %DL: 6559
  10824       SMAPS 44 MAPARR SPNRARR; %SMAPS:10113
  10825       UM; %UM: 1488
  10826       QUAD 0.05 0 QFA1; %QUAD:10321
  10827       SMAPS 45 MAPARR SPNRARR; %SMAPS:10113
  10828       UM; %UM: 1488
  10829       QUAD 0.05 0 QFA2; %QUAD:10321
  10830       SMAPS 46 MAPARR SPNRARR; %SMAPS:10113
  10831       UM; %UM: 1488
  10832       DL 0.25; %DL: 6559
  10833       SMAPS 47 MAPARR SPNRARR; %SMAPS:10113
  10834       UM; %UM: 1488
  10835       MH LEN_S SFP 0.05; %MH: 7153
  10836       SMAPS 48 MAPARR SPNRARR; %SMAPS:10113
  10837       UM; %UM: 1488
  10838       DL 0.25; %DL: 6559
  10839       SMAPS 49 MAPARR SPNRARR; %SMAPS:10113
  10840       UM; %UM: 1488
  10841       WIEN 3.6155403 BBE EBE 0; %WIEN:10506
  10842       SMAPS 50 MAPARR SPNRARR; %SMAPS:10113
  10843       UM; %UM: 1488
  10844       DL 0.25; %DL: 6559
  10845       SMAPS 51 MAPARR SPNRARR; %SMAPS:10113
  10846       UM; %UM: 1488
  10847       DL 0.15; %DL: 6559
  10848       SMAPS 52 MAPARR SPNRARR; %SMAPS:10113
  10849       UM; %UM: 1488
  10850       DL 0.25; %DL: 6559
  10851       SMAPS 53 MAPARR SPNRARR; %SMAPS:10113
  10852       UM; %UM: 1488
  10853       QUAD 0.05 0 QDA2; %QUAD:10321
  10854       SMAPS 54 MAPARR SPNRARR; %SMAPS:10113
  10855       UM; %UM: 1488
  10856       QUAD 0.05 0 QDA2; %QUAD:10321
  10857       SMAPS 55 MAPARR SPNRARR; %SMAPS:10113
  10858       UM; %UM: 1488
  10859       DL 0.25; %DL: 6559
  10860       SMAPS 56 MAPARR SPNRARR; %SMAPS:10113
  10861       UM; %UM: 1488
  10862       MH LEN_S SDP 0.05; %MH: 7153
  10863       SMAPS 57 MAPARR SPNRARR; %SMAPS:10113
  10864       UM; %UM: 1488
  10865       DL 0.25; %DL: 6559
  10866       SMAPS 58 MAPARR SPNRARR; %SMAPS:10113
  10867       UM; %UM: 1488
  10868       WIEN 3.6155403 BBE EBE 0; %WIEN:10506
  10869       SMAPS 59 MAPARR SPNRARR; %SMAPS:10113
  10870       UM; %UM: 1488
  10871       DL 0.25; %DL: 6559
  10872       SMAPS 60 MAPARR SPNRARR; %SMAPS:10113
  10873       UM; %UM: 1488
  10874       DL 0.15; %DL: 6559
  10875       SMAPS 61 MAPARR SPNRARR; %SMAPS:10113
  10876       UM; %UM: 1488
  10877       DL 0.25; %DL: 6559
  10878       SMAPS 62 MAPARR SPNRARR; %SMAPS:10113
  10879       UM; %UM: 1488
  10880       QUAD 0.05 0 QFA2; %QUAD:10321
  10881       SMAPS 63 MAPARR SPNRARR; %SMAPS:10113
  10882       UM; %UM: 1488
  10883       QUAD 0.05 0 QFA2; %QUAD:10321
  10884       SMAPS 64 MAPARR SPNRARR; %SMAPS:10113
  10885       UM; %UM: 1488
  10886       DL 0.25; %DL: 6559
  10887       SMAPS 65 MAPARR SPNRARR; %SMAPS:10113
  10888       UM; %UM: 1488
  10889       MH LEN_S SFP 0.05; %MH: 7153
  10890       SMAPS 66 MAPARR SPNRARR; %SMAPS:10113
  10891       UM; %UM: 1488
  10892       DL 0.25; %DL: 6559
  10893       SMAPS 67 MAPARR SPNRARR; %SMAPS:10113
  10894       UM; %UM: 1488
  10895       WIEN 3.6155403 BBE EBE 0; %WIEN:10506
  10896       SMAPS 68 MAPARR SPNRARR; %SMAPS:10113
  10897       UM; %UM: 1488
  10898       DL 0.25; %DL: 6559
  10899       SMAPS 69 MAPARR SPNRARR; %SMAPS:10113
  10900       UM; %UM: 1488
  10901       DL 0.15; %DL: 6559
  10902       SMAPS 70 MAPARR SPNRARR; %SMAPS:10113
  10903       UM; %UM: 1488
  10904       DL 0.25; %DL: 6559
  10905       SMAPS 71 MAPARR SPNRARR; %SMAPS:10113
  10906       UM; %UM: 1488
  10907       QUAD 0.05 0 QDA2; %QUAD:10321
  10908       SMAPS 72 MAPARR SPNRARR; %SMAPS:10113
  10909       UM; %UM: 1488
  10910       QUAD 0.05 0 QDA2; %QUAD:10321
  10911       SMAPS 73 MAPARR SPNRARR; %SMAPS:10113
  10912       UM; %UM: 1488
  10913       DL 0.25; %DL: 6559
  10914       SMAPS 74 MAPARR SPNRARR; %SMAPS:10113
  10915       UM; %UM: 1488
  10916       MH LEN_S SDN 0.05; %MH: 7153
  10917       SMAPS 75 MAPARR SPNRARR; %SMAPS:10113
  10918       UM; %UM: 1488
  10919       DL 0.25; %DL: 6559
  10920       SMAPS 76 MAPARR SPNRARR; %SMAPS:10113
  10921       UM; %UM: 1488
  10922       WIEN 3.6155403 BBE EBE 0; %WIEN:10506
  10923       SMAPS 77 MAPARR SPNRARR; %SMAPS:10113
  10924       UM; %UM: 1488
  10925       DL 0.25; %DL: 6559
  10926       SMAPS 78 MAPARR SPNRARR; %SMAPS:10113
  10927       UM; %UM: 1488
  10928       DL 0.15; %DL: 6559
  10929       SMAPS 79 MAPARR SPNRARR; %SMAPS:10113
  10930       UM; %UM: 1488
  10931       DL 0.25; %DL: 6559
  10932       SMAPS 80 MAPARR SPNRARR; %SMAPS:10113
  10933       UM; %UM: 1488
  10934       QUAD 0.05 0 QFA2; %QUAD:10321
  10935       SMAPS 81 MAPARR SPNRARR; %SMAPS:10113
  10936       UM; %UM: 1488
  10937       QUAD 0.05 0 QFA2; %QUAD:10321
  10938       SMAPS 82 MAPARR SPNRARR; %SMAPS:10113
  10939       UM; %UM: 1488
  10940       DL 0.25; %DL: 6559
  10941       SMAPS 83 MAPARR SPNRARR; %SMAPS:10113
  10942       UM; %UM: 1488
  10943       MH LEN_S SFN 0.05; %MH: 7153
  10944       SMAPS 84 MAPARR SPNRARR; %SMAPS:10113
  10945       UM; %UM: 1488
  10946       DL 0.25; %DL: 6559
  10947       SMAPS 85 MAPARR SPNRARR; %SMAPS:10113
  10948       UM; %UM: 1488
  10949       WIEN 3.6155403 BBE EBE 0; %WIEN:10506
  10950       SMAPS 86 MAPARR SPNRARR; %SMAPS:10113
  10951       UM; %UM: 1488
  10952       DL 0.25; %DL: 6559
  10953       SMAPS 87 MAPARR SPNRARR; %SMAPS:10113
  10954       UM; %UM: 1488
  10955       DL 0.15; %DL: 6559
  10956       SMAPS 88 MAPARR SPNRARR; %SMAPS:10113
  10957       UM; %UM: 1488
  10958       DL 0.25; %DL: 6559
  10959       SMAPS 89 MAPARR SPNRARR; %SMAPS:10113
  10960       UM; %UM: 1488
  10961       QUAD 0.05 0 QDA2; %QUAD:10321
  10962       SMAPS 90 MAPARR SPNRARR; %SMAPS:10113
  10963       UM; %UM: 1488
  10964       QUAD 0.05 0 QDA2; %QUAD:10321
  10965       SMAPS 91 MAPARR SPNRARR; %SMAPS:10113
  10966       UM; %UM: 1488
  10967       DL 0.25; %DL: 6559
  10968       SMAPS 92 MAPARR SPNRARR; %SMAPS:10113
  10969       UM; %UM: 1488
  10970       MH LEN_S SDN 0.05; %MH: 7153
  10971       SMAPS 93 MAPARR SPNRARR; %SMAPS:10113
  10972       UM; %UM: 1488
  10973       DL 0.25; %DL: 6559
  10974       SMAPS 94 MAPARR SPNRARR; %SMAPS:10113
  10975       UM; %UM: 1488
  10976       WIEN 3.6155403 BBE EBE 0; %WIEN:10506
  10977       SMAPS 95 MAPARR SPNRARR; %SMAPS:10113
  10978       UM; %UM: 1488
  10979       DL 0.25; %DL: 6559
  10980       SMAPS 96 MAPARR SPNRARR; %SMAPS:10113
  10981       UM; %UM: 1488
  10982       DL 0.15; %DL: 6559
  10983       SMAPS 97 MAPARR SPNRARR; %SMAPS:10113
  10984       UM; %UM: 1488
  10985       DL 0.25; %DL: 6559
  10986       SMAPS 98 MAPARR SPNRARR; %SMAPS:10113
  10987       UM; %UM: 1488
  10988       QUAD 0.05 0 QFA2; %QUAD:10321
  10989       SMAPS 99 MAPARR SPNRARR; %SMAPS:10113
  10990       UM; %UM: 1488
  10991       QUAD 0.05 0 QFA2; %QUAD:10321
  10992       SMAPS 100 MAPARR SPNRARR; %SMAPS:10113
  10993       UM; %UM: 1488
  10994       DL 0.25; %DL: 6559
  10995       SMAPS 101 MAPARR SPNRARR; %SMAPS:10113
  10996       UM; %UM: 1488
  10997       MH LEN_S SFP 0.05; %MH: 7153
  10998       SMAPS 102 MAPARR SPNRARR; %SMAPS:10113
  10999       UM; %UM: 1488
  11000       DL 0.25; %DL: 6559
  11001       SMAPS 103 MAPARR SPNRARR; %SMAPS:10113
  11002       UM; %UM: 1488
  11003       WIEN 3.6155403 BBE EBE 0; %WIEN:10506
  11004       SMAPS 104 MAPARR SPNRARR; %SMAPS:10113
  11005       UM; %UM: 1488
  11006       DL 0.25; %DL: 6559
  11007       SMAPS 105 MAPARR SPNRARR; %SMAPS:10113
  11008       UM; %UM: 1488
  11009       DL 0.15; %DL: 6559
  11010       SMAPS 106 MAPARR SPNRARR; %SMAPS:10113
  11011       UM; %UM: 1488
  11012       DL 0.25; %DL: 6559
  11013       SMAPS 107 MAPARR SPNRARR; %SMAPS:10113
  11014       UM; %UM: 1488
  11015       QUAD 0.05 0 QDA2; %QUAD:10321
  11016       SMAPS 108 MAPARR SPNRARR; %SMAPS:10113
  11017       UM; %UM: 1488
  11018       QUAD 0.05 0 QDA2; %QUAD:10321
  11019       SMAPS 109 MAPARR SPNRARR; %SMAPS:10113
  11020       UM; %UM: 1488
  11021       DL 0.25; %DL: 6559
  11022       SMAPS 110 MAPARR SPNRARR; %SMAPS:10113
  11023       UM; %UM: 1488
  11024       MH LEN_S SDP 0.05; %MH: 7153
  11025       SMAPS 111 MAPARR SPNRARR; %SMAPS:10113
  11026       UM; %UM: 1488
  11027       DL 0.25; %DL: 6559
  11028       SMAPS 112 MAPARR SPNRARR; %SMAPS:10113
  11029       UM; %UM: 1488
  11030       WIEN 3.6155403 BBE EBE 0; %WIEN:10506
  11031       SMAPS 113 MAPARR SPNRARR; %SMAPS:10113
  11032       UM; %UM: 1488
  11033       DL 0.25; %DL: 6559
  11034       SMAPS 114 MAPARR SPNRARR; %SMAPS:10113
  11035       UM; %UM: 1488
  11036       DL 0.15; %DL: 6559
  11037       SMAPS 115 MAPARR SPNRARR; %SMAPS:10113
  11038       UM; %UM: 1488
  11039       DL 0.25; %DL: 6559
  11040       SMAPS 116 MAPARR SPNRARR; %SMAPS:10113
  11041       UM; %UM: 1488
  11042       QUAD 0.05 0 QFA2; %QUAD:10321
  11043       SMAPS 117 MAPARR SPNRARR; %SMAPS:10113
  11044       UM; %UM: 1488
  11045       QUAD 0.05 0 QFA1; %QUAD:10321
  11046       SMAPS 118 MAPARR SPNRARR; %SMAPS:10113
  11047       UM; %UM: 1488
  11048       DL 0.25; %DL: 6559
  11049       SMAPS 119 MAPARR SPNRARR; %SMAPS:10113
  11050       UM; %UM: 1488
  11051       MH LEN_S SFP 0.05; %MH: 7153
  11052       SMAPS 120 MAPARR SPNRARR; %SMAPS:10113
  11053       UM; %UM: 1488
  11054       DL 0.25; %DL: 6559
  11055       SMAPS 121 MAPARR SPNRARR; %SMAPS:10113
  11056       UM; %UM: 1488
  11057       SBEND 1.516863 0.7853655216 0 0 0 0 0 0.5 0.5; %SBEND:10385
  11058       SMAPS 122 MAPARR SPNRARR; %SMAPS:10113
  11059       UM; %UM: 1488
  11060       DL 0.25; %DL: 6559
  11061       SMAPS 123 MAPARR SPNRARR; %SMAPS:10113
  11062       UM; %UM: 1488
  11063       DL 0.15; %DL: 6559
  11064       SMAPS 124 MAPARR SPNRARR; %SMAPS:10113
  11065       UM; %UM: 1488
  11066       DL 0.25; %DL: 6559
  11067       SMAPS 125 MAPARR SPNRARR; %SMAPS:10113
  11068       UM; %UM: 1488
  11069       QUAD 0.05 0 QDA1; %QUAD:10321
  11070       SMAPS 126 MAPARR SPNRARR; %SMAPS:10113
  11071       UM; %UM: 1488
  11072       QUAD 0.05 0 QDA1; %QUAD:10321
  11073       SMAPS 127 MAPARR SPNRARR; %SMAPS:10113
  11074       UM; %UM: 1488
  11075       DL 0.25; %DL: 6559
  11076       SMAPS 128 MAPARR SPNRARR; %SMAPS:10113
  11077       UM; %UM: 1488
  11078       MH LEN_S SDP 0.05; %MH: 7153
  11079       SMAPS 129 MAPARR SPNRARR; %SMAPS:10113
  11080       UM; %UM: 1488
  11081       DL 0.25; %DL: 6559
  11082       SMAPS 130 MAPARR SPNRARR; %SMAPS:10113
  11083       UM; %UM: 1488
  11084       SBEND 1.516863 0.7853655216 0 0 0 0 0 0.5 0.5; %SBEND:10385
  11085       SMAPS 131 MAPARR SPNRARR; %SMAPS:10113
  11086       UM; %UM: 1488
  11087       DL 0.25; %DL: 6559
  11088       SMAPS 132 MAPARR SPNRARR; %SMAPS:10113
  11089       UM; %UM: 1488
  11090       DL 0.15; %DL: 6559
  11091       SMAPS 133 MAPARR SPNRARR; %SMAPS:10113
  11092       UM; %UM: 1488
  11093       DL 0.25; %DL: 6559
  11094       SMAPS 134 MAPARR SPNRARR; %SMAPS:10113
  11095       UM; %UM: 1488
  11096       QUAD 0.05 0 QFA1; %QUAD:10321
  11097       SMAPS 135 MAPARR SPNRARR; %SMAPS:10113
  11098       UM; %UM: 1488
  11099       QUAD 0.05 0 QFA2; %QUAD:10321
  11100       SMAPS 136 MAPARR SPNRARR; %SMAPS:10113
  11101       UM; %UM: 1488
  11102       DL 0.25; %DL: 6559
  11103       SMAPS 137 MAPARR SPNRARR; %SMAPS:10113
  11104       UM; %UM: 1488
  11105       DL 0.15; %DL: 6559
  11106       SMAPS 138 MAPARR SPNRARR; %SMAPS:10113
  11107       UM; %UM: 1488
  11108       DL 0.25; %DL: 6559
  11109       SMAPS 139 MAPARR SPNRARR; %SMAPS:10113
  11110       UM; %UM: 1488
  11111       DL 2.2; %DL: 6559
  11112       SMAPS 140 MAPARR SPNRARR; %SMAPS:10113
  11113       UM; %UM: 1488
  11114       DL 0.25; %DL: 6559
  11115       SMAPS 141 MAPARR SPNRARR; %SMAPS:10113
  11116       UM; %UM: 1488
  11117       DL 0.15; %DL: 6559
  11118       SMAPS 142 MAPARR SPNRARR; %SMAPS:10113
  11119       UM; %UM: 1488
  11120       DL 0.25; %DL: 6559
  11121       SMAPS 143 MAPARR SPNRARR; %SMAPS:10113
  11122       UM; %UM: 1488
  11123       QUAD 0.05 0 QDA2; %QUAD:10321
  11124       SMAPS 144 MAPARR SPNRARR; %SMAPS:10113
  11125       UM; %UM: 1488
  11126       QUAD 0.05 0 QDA2; %QUAD:10321
  11127       SMAPS 145 MAPARR SPNRARR; %SMAPS:10113
  11128       UM; %UM: 1488
  11129       DL 0.25; %DL: 6559
  11130       SMAPS 146 MAPARR SPNRARR; %SMAPS:10113
  11131       UM; %UM: 1488
  11132       DL 0.15; %DL: 6559
  11133       SMAPS 147 MAPARR SPNRARR; %SMAPS:10113
  11134       UM; %UM: 1488
  11135       DL 0.25; %DL: 6559
  11136       SMAPS 148 MAPARR SPNRARR; %SMAPS:10113
  11137       UM; %UM: 1488
  11138       DL 2.2; %DL: 6559
  11139       SMAPS 149 MAPARR SPNRARR; %SMAPS:10113
  11140       UM; %UM: 1488
  11141       DL 0.25; %DL: 6559
  11142       SMAPS 150 MAPARR SPNRARR; %SMAPS:10113
  11143       UM; %UM: 1488
  11144       DL 0.15; %DL: 6559
  11145       SMAPS 151 MAPARR SPNRARR; %SMAPS:10113
  11146       UM; %UM: 1488
  11147       DL 0.25; %DL: 6559
  11148       SMAPS 152 MAPARR SPNRARR; %SMAPS:10113
  11149       UM; %UM: 1488
  11150       QUAD 0.05 0 QFA2; %QUAD:10321
  11151       SMAPS 153 MAPARR SPNRARR; %SMAPS:10113
  11152       UM; %UM: 1488
  11153       QUAD 0.05 0 QFA2; %QUAD:10321
  11154       SMAPS 154 MAPARR SPNRARR; %SMAPS:10113
  11155       UM; %UM: 1488
  11156       DL 0.25; %DL: 6559
  11157       SMAPS 155 MAPARR SPNRARR; %SMAPS:10113
  11158       UM; %UM: 1488
  11159       DL 0.15; %DL: 6559
  11160       SMAPS 156 MAPARR SPNRARR; %SMAPS:10113
  11161       UM; %UM: 1488
  11162       DL 0.25; %DL: 6559
  11163       SMAPS 157 MAPARR SPNRARR; %SMAPS:10113
  11164       UM; %UM: 1488
  11165       DL 2.2; %DL: 6559
  11166       SMAPS 158 MAPARR SPNRARR; %SMAPS:10113
  11167       UM; %UM: 1488
  11168       DL 0.25; %DL: 6559
  11169       SMAPS 159 MAPARR SPNRARR; %SMAPS:10113
  11170       UM; %UM: 1488
  11171       DL 0.15; %DL: 6559
  11172       SMAPS 160 MAPARR SPNRARR; %SMAPS:10113
  11173       UM; %UM: 1488
  11174       DL 0.25; %DL: 6559
  11175       SMAPS 161 MAPARR SPNRARR; %SMAPS:10113
  11176       UM; %UM: 1488
  11177       QUAD 0.05 0 QDA2; %QUAD:10321
  11178       SMAPS 162 MAPARR SPNRARR; %SMAPS:10113
  11179       ENDLOOP;
  11180     ENDPROCEDURE;
 --- BIN FILE WRITTEN: seq_QFS_maps
  11181   SAVE 'seq_QFS_maps';
