 --- BIN FILE READ: header
  10691 INCLUDE 'header';
  10692   PROCEDURE LATTICE SEXTGX1 SEXTGY1 SEXTGX2 SEXTGY2 Y RFFLAG MAPARR SP
                  NRARR;
  10693     VARIABLE VRF 1 1 1;
  10694     VARIABLE FREQ 1;
  10695     VARIABLE HNUM 1;
  10696     VARIABLE I 1;
  10697     VARIABLE LEN_S 1;
  10698     VARIABLE A 1;
  10699     VARIABLE LEN_S_1 1;
  10700     VARIABLE EBE 1;
  10701     VARIABLE BBE 1;
  10702     VARIABLE QF0 1;
  10703     VARIABLE QFA1 1;
  10704     VARIABLE QDA1 1;
  10705     VARIABLE QFA2 1;
  10706     VARIABLE QDA2 1;
  10707     VARIABLE SFP 1;
  10708     VARIABLE SFN 1;
  10709     VARIABLE SDP 1;
  10710     VARIABLE SDN 1;
  10711     VARIABLE GAMMA 1;
  10712     GAMMA := Y;
  10713     A := 0.05;
  10714     LEN_S := 0.15;
  10715     LEN_S_1 := 0.000001;
  10716     SFP := SEXTGX1;
  10717     SFN := SEXTGX2;
  10718     SDP := SEXTGY1;
  10719     SDN := SEXTGY2;
  10720     QFA1:=3.922609163;
  10721     QDA1:=-2.941956872;
  10722     QFA2:=2.389800743;
  10723     QDA2:=-2.473199325;
  10724     HNUM := 66;
  10725     VRF(1, 1) := 100/HNUM;
  10726     FREQ := HNUM*REVFREQ(FACCLEN(1)); %REVFREQ: 9907 %FACCLEN:10628
  10727     WRITE 6 '********************************************';
  10728     WRITE 6 '*      FS NICA BYPASS 7 NOW 2022           *';
  10729     WRITE 6 '********************************************';
  10730     WRITE 6 'REVOLUTION FREQUENCY: '&ST(REVFREQ(FACCLEN(1))/1E6)&' MHZ
                  '; %REVFREQ: 9907 %FACCLEN:10628
  10731     WRITE 6 'RF FREQUENCY: '&ST(FREQ/1E6)&' MHZ';
  10732     UM; %UM: 1488
  10733     CR; %CR:  947
  10734     IF RFFLAG=1;
  10735       RF VRF 0 FREQ 0 0.05; %RF: 8697
  10736       ENDIF;
  10737     LOOP I 1 1;
  10738       UM; %UM: 1488
  10739       QUAD 0.05 0 QDA2; %QUAD:10321
  10740       SMAPS 1 MAPARR SPNRARR; %SMAPS:10113
  10741       UM; %UM: 1488
  10742       DL 0.25; %DL: 6559
  10743       SMAPS 2 MAPARR SPNRARR; %SMAPS:10113
  10744       UM; %UM: 1488
  10745       DL 0.15; %DL: 6559
  10746       SMAPS 3 MAPARR SPNRARR; %SMAPS:10113
  10747       UM; %UM: 1488
  10748       DL 0.25; %DL: 6559
  10749       SMAPS 4 MAPARR SPNRARR; %SMAPS:10113
  10750       UM; %UM: 1488
  10751       DL 2.2; %DL: 6559
  10752       SMAPS 5 MAPARR SPNRARR; %SMAPS:10113
  10753       UM; %UM: 1488
  10754       DL 0.25; %DL: 6559
  10755       SMAPS 6 MAPARR SPNRARR; %SMAPS:10113
  10756       UM; %UM: 1488
  10757       DL 0.15; %DL: 6559
  10758       SMAPS 7 MAPARR SPNRARR; %SMAPS:10113
  10759       UM; %UM: 1488
  10760       DL 0.25; %DL: 6559
  10761       SMAPS 8 MAPARR SPNRARR; %SMAPS:10113
  10762       UM; %UM: 1488
  10763       QUAD 0.05 0 QFA2; %QUAD:10321
  10764       SMAPS 9 MAPARR SPNRARR; %SMAPS:10113
  10765       UM; %UM: 1488
  10766       QUAD 0.05 0 QFA2; %QUAD:10321
  10767       SMAPS 10 MAPARR SPNRARR; %SMAPS:10113
  10768       UM; %UM: 1488
  10769       DL 0.25; %DL: 6559
  10770       SMAPS 11 MAPARR SPNRARR; %SMAPS:10113
  10771       UM; %UM: 1488
  10772       DL 0.15; %DL: 6559
  10773       SMAPS 12 MAPARR SPNRARR; %SMAPS:10113
  10774       UM; %UM: 1488
  10775       DL 0.25; %DL: 6559
  10776       SMAPS 13 MAPARR SPNRARR; %SMAPS:10113
  10777       UM; %UM: 1488
  10778       DL 2.2; %DL: 6559
  10779       SMAPS 14 MAPARR SPNRARR; %SMAPS:10113
  10780       UM; %UM: 1488
  10781       DL 0.25; %DL: 6559
  10782       SMAPS 15 MAPARR SPNRARR; %SMAPS:10113
  10783       UM; %UM: 1488
  10784       DL 0.15; %DL: 6559
  10785       SMAPS 16 MAPARR SPNRARR; %SMAPS:10113
  10786       UM; %UM: 1488
  10787       DL 0.25; %DL: 6559
  10788       SMAPS 17 MAPARR SPNRARR; %SMAPS:10113
  10789       UM; %UM: 1488
  10790       QUAD 0.05 0 QDA2; %QUAD:10321
  10791       SMAPS 18 MAPARR SPNRARR; %SMAPS:10113
  10792       UM; %UM: 1488
  10793       QUAD 0.05 0 QDA2; %QUAD:10321
  10794       SMAPS 19 MAPARR SPNRARR; %SMAPS:10113
  10795       UM; %UM: 1488
  10796       DL 0.25; %DL: 6559
  10797       SMAPS 20 MAPARR SPNRARR; %SMAPS:10113
  10798       UM; %UM: 1488
  10799       DL 0.15; %DL: 6559
  10800       SMAPS 21 MAPARR SPNRARR; %SMAPS:10113
  10801       UM; %UM: 1488
  10802       DL 0.25; %DL: 6559
  10803       SMAPS 22 MAPARR SPNRARR; %SMAPS:10113
  10804       UM; %UM: 1488
  10805       DL 2.2; %DL: 6559
  10806       SMAPS 23 MAPARR SPNRARR; %SMAPS:10113
  10807       UM; %UM: 1488
  10808       DL 0.25; %DL: 6559
  10809       SMAPS 24 MAPARR SPNRARR; %SMAPS:10113
  10810       UM; %UM: 1488
  10811       DL 0.15; %DL: 6559
  10812       SMAPS 25 MAPARR SPNRARR; %SMAPS:10113
  10813       UM; %UM: 1488
  10814       DL 0.25; %DL: 6559
  10815       SMAPS 26 MAPARR SPNRARR; %SMAPS:10113
  10816       UM; %UM: 1488
  10817       QUAD 0.05 0 QFA2; %QUAD:10321
  10818       SMAPS 27 MAPARR SPNRARR; %SMAPS:10113
  10819       UM; %UM: 1488
  10820       QUAD 0.05 0 QFA1; %QUAD:10321
  10821       SMAPS 28 MAPARR SPNRARR; %SMAPS:10113
  10822       UM; %UM: 1488
  10823       DL 0.25; %DL: 6559
  10824       SMAPS 29 MAPARR SPNRARR; %SMAPS:10113
  10825       UM; %UM: 1488
  10826       DL 0.15; %DL: 6559
  10827       SMAPS 30 MAPARR SPNRARR; %SMAPS:10113
  10828       UM; %UM: 1488
  10829       DL 0.25; %DL: 6559
  10830       SMAPS 31 MAPARR SPNRARR; %SMAPS:10113
  10831       UM; %UM: 1488
  10832       WIEN2D 1.80786722 0.196314634 GAMMA 0; %WIEN2D:10583
  10833       SMAPS 32 MAPARR SPNRARR; %SMAPS:10113
  10834       UM; %UM: 1488
  10835       DL 0.25; %DL: 6559
  10836       SMAPS 33 MAPARR SPNRARR; %SMAPS:10113
  10837       UM; %UM: 1488
  10838       DL 0.15; %DL: 6559
  10839       SMAPS 34 MAPARR SPNRARR; %SMAPS:10113
  10840       UM; %UM: 1488
  10841       DL 0.25; %DL: 6559
  10842       SMAPS 35 MAPARR SPNRARR; %SMAPS:10113
  10843       UM; %UM: 1488
  10844       QUAD 0.05 0 QDA1; %QUAD:10321
  10845       SMAPS 36 MAPARR SPNRARR; %SMAPS:10113
  10846       UM; %UM: 1488
  10847       QUAD 0.05 0 QDA1; %QUAD:10321
  10848       SMAPS 37 MAPARR SPNRARR; %SMAPS:10113
  10849       UM; %UM: 1488
  10850       DL 0.25; %DL: 6559
  10851       SMAPS 38 MAPARR SPNRARR; %SMAPS:10113
  10852       UM; %UM: 1488
  10853       MH LEN_S SDP 0.05; %MH: 7153
  10854       SMAPS 39 MAPARR SPNRARR; %SMAPS:10113
  10855       UM; %UM: 1488
  10856       DL 0.25; %DL: 6559
  10857       SMAPS 40 MAPARR SPNRARR; %SMAPS:10113
  10858       UM; %UM: 1488
  10859       WIEN2D 1.80786722 0.196314634 GAMMA 0; %WIEN2D:10583
  10860       SMAPS 41 MAPARR SPNRARR; %SMAPS:10113
  10861       UM; %UM: 1488
  10862       DL 0.25; %DL: 6559
  10863       SMAPS 42 MAPARR SPNRARR; %SMAPS:10113
  10864       UM; %UM: 1488
  10865       DL 0.15; %DL: 6559
  10866       SMAPS 43 MAPARR SPNRARR; %SMAPS:10113
  10867       UM; %UM: 1488
  10868       DL 0.25; %DL: 6559
  10869       SMAPS 44 MAPARR SPNRARR; %SMAPS:10113
  10870       UM; %UM: 1488
  10871       QUAD 0.05 0 QFA1; %QUAD:10321
  10872       SMAPS 45 MAPARR SPNRARR; %SMAPS:10113
  10873       UM; %UM: 1488
  10874       QUAD 0.05 0 QFA1; %QUAD:10321
  10875       SMAPS 46 MAPARR SPNRARR; %SMAPS:10113
  10876       UM; %UM: 1488
  10877       DL 0.25; %DL: 6559
  10878       SMAPS 47 MAPARR SPNRARR; %SMAPS:10113
  10879       UM; %UM: 1488
  10880       MH LEN_S SFP 0.05; %MH: 7153
  10881       SMAPS 48 MAPARR SPNRARR; %SMAPS:10113
  10882       UM; %UM: 1488
  10883       DL 0.25; %DL: 6559
  10884       SMAPS 49 MAPARR SPNRARR; %SMAPS:10113
  10885       UM; %UM: 1488
  10886       WIEN2D 1.80786722 0.196314634 GAMMA 0; %WIEN2D:10583
  10887       SMAPS 50 MAPARR SPNRARR; %SMAPS:10113
  10888       UM; %UM: 1488
  10889       DL 0.25; %DL: 6559
  10890       SMAPS 51 MAPARR SPNRARR; %SMAPS:10113
  10891       UM; %UM: 1488
  10892       DL 0.15; %DL: 6559
  10893       SMAPS 52 MAPARR SPNRARR; %SMAPS:10113
  10894       UM; %UM: 1488
  10895       DL 0.25; %DL: 6559
  10896       SMAPS 53 MAPARR SPNRARR; %SMAPS:10113
  10897       UM; %UM: 1488
  10898       QUAD 0.05 0 QDA1; %QUAD:10321
  10899       SMAPS 54 MAPARR SPNRARR; %SMAPS:10113
  10900       UM; %UM: 1488
  10901       QUAD 0.05 0 QDA1; %QUAD:10321
  10902       SMAPS 55 MAPARR SPNRARR; %SMAPS:10113
  10903       UM; %UM: 1488
  10904       DL 0.25; %DL: 6559
  10905       SMAPS 56 MAPARR SPNRARR; %SMAPS:10113
  10906       UM; %UM: 1488
  10907       MH LEN_S SDP 0.05; %MH: 7153
  10908       SMAPS 57 MAPARR SPNRARR; %SMAPS:10113
  10909       UM; %UM: 1488
  10910       DL 0.25; %DL: 6559
  10911       SMAPS 58 MAPARR SPNRARR; %SMAPS:10113
  10912       UM; %UM: 1488
  10913       WIEN2D 1.80786722 0.196314634 GAMMA 0; %WIEN2D:10583
  10914       SMAPS 59 MAPARR SPNRARR; %SMAPS:10113
  10915       UM; %UM: 1488
  10916       DL 0.25; %DL: 6559
  10917       SMAPS 60 MAPARR SPNRARR; %SMAPS:10113
  10918       UM; %UM: 1488
  10919       DL 0.15; %DL: 6559
  10920       SMAPS 61 MAPARR SPNRARR; %SMAPS:10113
  10921       UM; %UM: 1488
  10922       DL 0.25; %DL: 6559
  10923       SMAPS 62 MAPARR SPNRARR; %SMAPS:10113
  10924       UM; %UM: 1488
  10925       QUAD 0.05 0 QFA1; %QUAD:10321
  10926       SMAPS 63 MAPARR SPNRARR; %SMAPS:10113
  10927       UM; %UM: 1488
  10928       QUAD 0.05 0 QFA1; %QUAD:10321
  10929       SMAPS 64 MAPARR SPNRARR; %SMAPS:10113
  10930       UM; %UM: 1488
  10931       DL 0.25; %DL: 6559
  10932       SMAPS 65 MAPARR SPNRARR; %SMAPS:10113
  10933       UM; %UM: 1488
  10934       MH LEN_S SFN 0.05; %MH: 7153
  10935       SMAPS 66 MAPARR SPNRARR; %SMAPS:10113
  10936       UM; %UM: 1488
  10937       DL 0.25; %DL: 6559
  10938       SMAPS 67 MAPARR SPNRARR; %SMAPS:10113
  10939       UM; %UM: 1488
  10940       WIEN2D 1.80786722 0.196314634 GAMMA 0; %WIEN2D:10583
  10941       SMAPS 68 MAPARR SPNRARR; %SMAPS:10113
  10942       UM; %UM: 1488
  10943       DL 0.25; %DL: 6559
  10944       SMAPS 69 MAPARR SPNRARR; %SMAPS:10113
  10945       UM; %UM: 1488
  10946       DL 0.15; %DL: 6559
  10947       SMAPS 70 MAPARR SPNRARR; %SMAPS:10113
  10948       UM; %UM: 1488
  10949       DL 0.25; %DL: 6559
  10950       SMAPS 71 MAPARR SPNRARR; %SMAPS:10113
  10951       UM; %UM: 1488
  10952       QUAD 0.05 0 QDA1; %QUAD:10321
  10953       SMAPS 72 MAPARR SPNRARR; %SMAPS:10113
  10954       UM; %UM: 1488
  10955       QUAD 0.05 0 QDA1; %QUAD:10321
  10956       SMAPS 73 MAPARR SPNRARR; %SMAPS:10113
  10957       UM; %UM: 1488
  10958       DL 0.25; %DL: 6559
  10959       SMAPS 74 MAPARR SPNRARR; %SMAPS:10113
  10960       UM; %UM: 1488
  10961       MH LEN_S SDP 0.05; %MH: 7153
  10962       SMAPS 75 MAPARR SPNRARR; %SMAPS:10113
  10963       UM; %UM: 1488
  10964       DL 0.25; %DL: 6559
  10965       SMAPS 76 MAPARR SPNRARR; %SMAPS:10113
  10966       UM; %UM: 1488
  10967       WIEN2D 1.80786722 0.196314634 GAMMA 0; %WIEN2D:10583
  10968       SMAPS 77 MAPARR SPNRARR; %SMAPS:10113
  10969       UM; %UM: 1488
  10970       DL 0.25; %DL: 6559
  10971       SMAPS 78 MAPARR SPNRARR; %SMAPS:10113
  10972       UM; %UM: 1488
  10973       DL 0.15; %DL: 6559
  10974       SMAPS 79 MAPARR SPNRARR; %SMAPS:10113
  10975       UM; %UM: 1488
  10976       DL 0.25; %DL: 6559
  10977       SMAPS 80 MAPARR SPNRARR; %SMAPS:10113
  10978       UM; %UM: 1488
  10979       QUAD 0.05 0 QFA1; %QUAD:10321
  10980       SMAPS 81 MAPARR SPNRARR; %SMAPS:10113
  10981       UM; %UM: 1488
  10982       QUAD 0.05 0 QFA1; %QUAD:10321
  10983       SMAPS 82 MAPARR SPNRARR; %SMAPS:10113
  10984       UM; %UM: 1488
  10985       DL 0.25; %DL: 6559
  10986       SMAPS 83 MAPARR SPNRARR; %SMAPS:10113
  10987       UM; %UM: 1488
  10988       MH LEN_S SFP 0.05; %MH: 7153
  10989       SMAPS 84 MAPARR SPNRARR; %SMAPS:10113
  10990       UM; %UM: 1488
  10991       DL 0.25; %DL: 6559
  10992       SMAPS 85 MAPARR SPNRARR; %SMAPS:10113
  10993       UM; %UM: 1488
  10994       WIEN2D 1.80786722 0.196314634 GAMMA 0; %WIEN2D:10583
  10995       SMAPS 86 MAPARR SPNRARR; %SMAPS:10113
  10996       UM; %UM: 1488
  10997       DL 0.25; %DL: 6559
  10998       SMAPS 87 MAPARR SPNRARR; %SMAPS:10113
  10999       UM; %UM: 1488
  11000       DL 0.15; %DL: 6559
  11001       SMAPS 88 MAPARR SPNRARR; %SMAPS:10113
  11002       UM; %UM: 1488
  11003       DL 0.25; %DL: 6559
  11004       SMAPS 89 MAPARR SPNRARR; %SMAPS:10113
  11005       UM; %UM: 1488
  11006       QUAD 0.05 0 QDA1; %QUAD:10321
  11007       SMAPS 90 MAPARR SPNRARR; %SMAPS:10113
  11008       UM; %UM: 1488
  11009       QUAD 0.05 0 QDA1; %QUAD:10321
  11010       SMAPS 91 MAPARR SPNRARR; %SMAPS:10113
  11011       UM; %UM: 1488
  11012       DL 0.25; %DL: 6559
  11013       SMAPS 92 MAPARR SPNRARR; %SMAPS:10113
  11014       UM; %UM: 1488
  11015       MH LEN_S SDP 0.05; %MH: 7153
  11016       SMAPS 93 MAPARR SPNRARR; %SMAPS:10113
  11017       UM; %UM: 1488
  11018       DL 0.25; %DL: 6559
  11019       SMAPS 94 MAPARR SPNRARR; %SMAPS:10113
  11020       UM; %UM: 1488
  11021       WIEN2D 1.80786722 0.196314634 GAMMA 0; %WIEN2D:10583
  11022       SMAPS 95 MAPARR SPNRARR; %SMAPS:10113
  11023       UM; %UM: 1488
  11024       DL 0.25; %DL: 6559
  11025       SMAPS 96 MAPARR SPNRARR; %SMAPS:10113
  11026       UM; %UM: 1488
  11027       DL 0.15; %DL: 6559
  11028       SMAPS 97 MAPARR SPNRARR; %SMAPS:10113
  11029       UM; %UM: 1488
  11030       DL 0.25; %DL: 6559
  11031       SMAPS 98 MAPARR SPNRARR; %SMAPS:10113
  11032       UM; %UM: 1488
  11033       QUAD 0.05 0 QFA1; %QUAD:10321
  11034       SMAPS 99 MAPARR SPNRARR; %SMAPS:10113
  11035       UM; %UM: 1488
  11036       QUAD 0.05 0 QFA1; %QUAD:10321
  11037       SMAPS 100 MAPARR SPNRARR; %SMAPS:10113
  11038       UM; %UM: 1488
  11039       DL 0.25; %DL: 6559
  11040       SMAPS 101 MAPARR SPNRARR; %SMAPS:10113
  11041       UM; %UM: 1488
  11042       DL 0.15; %DL: 6559
  11043       SMAPS 102 MAPARR SPNRARR; %SMAPS:10113
  11044       UM; %UM: 1488
  11045       DL 0.25; %DL: 6559
  11046       SMAPS 103 MAPARR SPNRARR; %SMAPS:10113
  11047       UM; %UM: 1488
  11048       WIEN2D 1.80786722 0.196314634 GAMMA 0; %WIEN2D:10583
  11049       SMAPS 104 MAPARR SPNRARR; %SMAPS:10113
  11050       UM; %UM: 1488
  11051       DL 0.25; %DL: 6559
  11052       SMAPS 105 MAPARR SPNRARR; %SMAPS:10113
  11053       UM; %UM: 1488
  11054       DL 0.15; %DL: 6559
  11055       SMAPS 106 MAPARR SPNRARR; %SMAPS:10113
  11056       UM; %UM: 1488
  11057       DL 0.25; %DL: 6559
  11058       SMAPS 107 MAPARR SPNRARR; %SMAPS:10113
  11059       UM; %UM: 1488
  11060       QUAD 0.05 0 QDA1; %QUAD:10321
  11061       SMAPS 108 MAPARR SPNRARR; %SMAPS:10113
  11062       UM; %UM: 1488
  11063       QUAD 0.05 0 QDA1; %QUAD:10321
  11064       SMAPS 109 MAPARR SPNRARR; %SMAPS:10113
  11065       UM; %UM: 1488
  11066       DL 0.25; %DL: 6559
  11067       SMAPS 110 MAPARR SPNRARR; %SMAPS:10113
  11068       UM; %UM: 1488
  11069       MH LEN_S SDP 0.05; %MH: 7153
  11070       SMAPS 111 MAPARR SPNRARR; %SMAPS:10113
  11071       UM; %UM: 1488
  11072       DL 0.25; %DL: 6559
  11073       SMAPS 112 MAPARR SPNRARR; %SMAPS:10113
  11074       UM; %UM: 1488
  11075       WIEN2D 1.80786722 0.196314634 GAMMA 0; %WIEN2D:10583
  11076       SMAPS 113 MAPARR SPNRARR; %SMAPS:10113
  11077       UM; %UM: 1488
  11078       DL 0.25; %DL: 6559
  11079       SMAPS 114 MAPARR SPNRARR; %SMAPS:10113
  11080       UM; %UM: 1488
  11081       DL 0.15; %DL: 6559
  11082       SMAPS 115 MAPARR SPNRARR; %SMAPS:10113
  11083       UM; %UM: 1488
  11084       DL 0.25; %DL: 6559
  11085       SMAPS 116 MAPARR SPNRARR; %SMAPS:10113
  11086       UM; %UM: 1488
  11087       QUAD 0.05 0 QFA1; %QUAD:10321
  11088       SMAPS 117 MAPARR SPNRARR; %SMAPS:10113
  11089       UM; %UM: 1488
  11090       QUAD 0.05 0 QFA1; %QUAD:10321
  11091       SMAPS 118 MAPARR SPNRARR; %SMAPS:10113
  11092       UM; %UM: 1488
  11093       DL 0.25; %DL: 6559
  11094       SMAPS 119 MAPARR SPNRARR; %SMAPS:10113
  11095       UM; %UM: 1488
  11096       MH LEN_S SFP 0.05; %MH: 7153
  11097       SMAPS 120 MAPARR SPNRARR; %SMAPS:10113
  11098       UM; %UM: 1488
  11099       DL 0.25; %DL: 6559
  11100       SMAPS 121 MAPARR SPNRARR; %SMAPS:10113
  11101       UM; %UM: 1488
  11102       WIEN2D 1.80786722 0.196314634 GAMMA 0; %WIEN2D:10583
  11103       SMAPS 122 MAPARR SPNRARR; %SMAPS:10113
  11104       UM; %UM: 1488
  11105       DL 0.25; %DL: 6559
  11106       SMAPS 123 MAPARR SPNRARR; %SMAPS:10113
  11107       UM; %UM: 1488
  11108       DL 0.15; %DL: 6559
  11109       SMAPS 124 MAPARR SPNRARR; %SMAPS:10113
  11110       UM; %UM: 1488
  11111       DL 0.25; %DL: 6559
  11112       SMAPS 125 MAPARR SPNRARR; %SMAPS:10113
  11113       UM; %UM: 1488
  11114       QUAD 0.05 0 QDA1; %QUAD:10321
  11115       SMAPS 126 MAPARR SPNRARR; %SMAPS:10113
  11116       UM; %UM: 1488
  11117       QUAD 0.05 0 QDA1; %QUAD:10321
  11118       SMAPS 127 MAPARR SPNRARR; %SMAPS:10113
  11119       UM; %UM: 1488
  11120       DL 0.25; %DL: 6559
  11121       SMAPS 128 MAPARR SPNRARR; %SMAPS:10113
  11122       UM; %UM: 1488
  11123       MH LEN_S SDP 0.05; %MH: 7153
  11124       SMAPS 129 MAPARR SPNRARR; %SMAPS:10113
  11125       UM; %UM: 1488
  11126       DL 0.25; %DL: 6559
  11127       SMAPS 130 MAPARR SPNRARR; %SMAPS:10113
  11128       UM; %UM: 1488
  11129       WIEN2D 1.80786722 0.196314634 GAMMA 0; %WIEN2D:10583
  11130       SMAPS 131 MAPARR SPNRARR; %SMAPS:10113
  11131       UM; %UM: 1488
  11132       DL 0.25; %DL: 6559
  11133       SMAPS 132 MAPARR SPNRARR; %SMAPS:10113
  11134       UM; %UM: 1488
  11135       DL 0.15; %DL: 6559
  11136       SMAPS 133 MAPARR SPNRARR; %SMAPS:10113
  11137       UM; %UM: 1488
  11138       DL 0.25; %DL: 6559
  11139       SMAPS 134 MAPARR SPNRARR; %SMAPS:10113
  11140       UM; %UM: 1488
  11141       QUAD 0.05 0 QFA1; %QUAD:10321
  11142       SMAPS 135 MAPARR SPNRARR; %SMAPS:10113
  11143       UM; %UM: 1488
  11144       QUAD 0.05 0 QFA1; %QUAD:10321
  11145       SMAPS 136 MAPARR SPNRARR; %SMAPS:10113
  11146       UM; %UM: 1488
  11147       DL 0.25; %DL: 6559
  11148       SMAPS 137 MAPARR SPNRARR; %SMAPS:10113
  11149       UM; %UM: 1488
  11150       MH LEN_S SFN 0.05; %MH: 7153
  11151       SMAPS 138 MAPARR SPNRARR; %SMAPS:10113
  11152       UM; %UM: 1488
  11153       DL 0.25; %DL: 6559
  11154       SMAPS 139 MAPARR SPNRARR; %SMAPS:10113
  11155       UM; %UM: 1488
  11156       WIEN2D 1.80786722 0.196314634 GAMMA 0; %WIEN2D:10583
  11157       SMAPS 140 MAPARR SPNRARR; %SMAPS:10113
  11158       UM; %UM: 1488
  11159       DL 0.25; %DL: 6559
  11160       SMAPS 141 MAPARR SPNRARR; %SMAPS:10113
  11161       UM; %UM: 1488
  11162       DL 0.15; %DL: 6559
  11163       SMAPS 142 MAPARR SPNRARR; %SMAPS:10113
  11164       UM; %UM: 1488
  11165       DL 0.25; %DL: 6559
  11166       SMAPS 143 MAPARR SPNRARR; %SMAPS:10113
  11167       UM; %UM: 1488
  11168       QUAD 0.05 0 QDA1; %QUAD:10321
  11169       SMAPS 144 MAPARR SPNRARR; %SMAPS:10113
  11170       UM; %UM: 1488
  11171       QUAD 0.05 0 QDA1; %QUAD:10321
  11172       SMAPS 145 MAPARR SPNRARR; %SMAPS:10113
  11173       UM; %UM: 1488
  11174       DL 0.25; %DL: 6559
  11175       SMAPS 146 MAPARR SPNRARR; %SMAPS:10113
  11176       UM; %UM: 1488
  11177       MH LEN_S SDP 0.05; %MH: 7153
  11178       SMAPS 147 MAPARR SPNRARR; %SMAPS:10113
  11179       UM; %UM: 1488
  11180       DL 0.25; %DL: 6559
  11181       SMAPS 148 MAPARR SPNRARR; %SMAPS:10113
  11182       UM; %UM: 1488
  11183       WIEN2D 1.80786722 0.196314634 GAMMA 0; %WIEN2D:10583
  11184       SMAPS 149 MAPARR SPNRARR; %SMAPS:10113
  11185       UM; %UM: 1488
  11186       DL 0.25; %DL: 6559
  11187       SMAPS 150 MAPARR SPNRARR; %SMAPS:10113
  11188       UM; %UM: 1488
  11189       DL 0.15; %DL: 6559
  11190       SMAPS 151 MAPARR SPNRARR; %SMAPS:10113
  11191       UM; %UM: 1488
  11192       DL 0.25; %DL: 6559
  11193       SMAPS 152 MAPARR SPNRARR; %SMAPS:10113
  11194       UM; %UM: 1488
  11195       QUAD 0.05 0 QFA1; %QUAD:10321
  11196       SMAPS 153 MAPARR SPNRARR; %SMAPS:10113
  11197       UM; %UM: 1488
  11198       QUAD 0.05 0 QFA1; %QUAD:10321
  11199       SMAPS 154 MAPARR SPNRARR; %SMAPS:10113
  11200       UM; %UM: 1488
  11201       DL 0.25; %DL: 6559
  11202       SMAPS 155 MAPARR SPNRARR; %SMAPS:10113
  11203       UM; %UM: 1488
  11204       MH LEN_S SFP 0.05; %MH: 7153
  11205       SMAPS 156 MAPARR SPNRARR; %SMAPS:10113
  11206       UM; %UM: 1488
  11207       DL 0.25; %DL: 6559
  11208       SMAPS 157 MAPARR SPNRARR; %SMAPS:10113
  11209       UM; %UM: 1488
  11210       WIEN2D 1.80786722 0.196314634 GAMMA 0; %WIEN2D:10583
  11211       SMAPS 158 MAPARR SPNRARR; %SMAPS:10113
  11212       UM; %UM: 1488
  11213       DL 0.25; %DL: 6559
  11214       SMAPS 159 MAPARR SPNRARR; %SMAPS:10113
  11215       UM; %UM: 1488
  11216       DL 0.15; %DL: 6559
  11217       SMAPS 160 MAPARR SPNRARR; %SMAPS:10113
  11218       UM; %UM: 1488
  11219       DL 0.25; %DL: 6559
  11220       SMAPS 161 MAPARR SPNRARR; %SMAPS:10113
  11221       UM; %UM: 1488
  11222       QUAD 0.05 0 QDA1; %QUAD:10321
  11223       SMAPS 162 MAPARR SPNRARR; %SMAPS:10113
  11224       UM; %UM: 1488
  11225       QUAD 0.05 0 QDA1; %QUAD:10321
  11226       SMAPS 163 MAPARR SPNRARR; %SMAPS:10113
  11227       UM; %UM: 1488
  11228       DL 0.25; %DL: 6559
  11229       SMAPS 164 MAPARR SPNRARR; %SMAPS:10113
  11230       UM; %UM: 1488
  11231       MH LEN_S SDP 0.05; %MH: 7153
  11232       SMAPS 165 MAPARR SPNRARR; %SMAPS:10113
  11233       UM; %UM: 1488
  11234       DL 0.25; %DL: 6559
  11235       SMAPS 166 MAPARR SPNRARR; %SMAPS:10113
  11236       UM; %UM: 1488
  11237       WIEN2D 1.80786722 0.196314634 GAMMA 0; %WIEN2D:10583
  11238       SMAPS 167 MAPARR SPNRARR; %SMAPS:10113
  11239       UM; %UM: 1488
  11240       DL 0.25; %DL: 6559
  11241       SMAPS 168 MAPARR SPNRARR; %SMAPS:10113
  11242       UM; %UM: 1488
  11243       DL 0.15; %DL: 6559
  11244       SMAPS 169 MAPARR SPNRARR; %SMAPS:10113
  11245       UM; %UM: 1488
  11246       DL 0.25; %DL: 6559
  11247       SMAPS 170 MAPARR SPNRARR; %SMAPS:10113
  11248       UM; %UM: 1488
  11249       QUAD 0.05 0 QFA1; %QUAD:10321
  11250       SMAPS 171 MAPARR SPNRARR; %SMAPS:10113
  11251       UM; %UM: 1488
  11252       QUAD 0.05 0 QFA2; %QUAD:10321
  11253       SMAPS 172 MAPARR SPNRARR; %SMAPS:10113
  11254       UM; %UM: 1488
  11255       DL 0.25; %DL: 6559
  11256       SMAPS 173 MAPARR SPNRARR; %SMAPS:10113
  11257       UM; %UM: 1488
  11258       DL 0.15; %DL: 6559
  11259       SMAPS 174 MAPARR SPNRARR; %SMAPS:10113
  11260       UM; %UM: 1488
  11261       DL 0.25; %DL: 6559
  11262       SMAPS 175 MAPARR SPNRARR; %SMAPS:10113
  11263       UM; %UM: 1488
  11264       DL 2.2; %DL: 6559
  11265       SMAPS 176 MAPARR SPNRARR; %SMAPS:10113
  11266       UM; %UM: 1488
  11267       DL 0.25; %DL: 6559
  11268       SMAPS 177 MAPARR SPNRARR; %SMAPS:10113
  11269       UM; %UM: 1488
  11270       DL 0.15; %DL: 6559
  11271       SMAPS 178 MAPARR SPNRARR; %SMAPS:10113
  11272       UM; %UM: 1488
  11273       DL 0.25; %DL: 6559
  11274       SMAPS 179 MAPARR SPNRARR; %SMAPS:10113
  11275       UM; %UM: 1488
  11276       QUAD 0.05 0 QDA2; %QUAD:10321
  11277       SMAPS 180 MAPARR SPNRARR; %SMAPS:10113
  11278       UM; %UM: 1488
  11279       QUAD 0.05 0 QDA2; %QUAD:10321
  11280       SMAPS 181 MAPARR SPNRARR; %SMAPS:10113
  11281       UM; %UM: 1488
  11282       DL 0.25; %DL: 6559
  11283       SMAPS 182 MAPARR SPNRARR; %SMAPS:10113
  11284       UM; %UM: 1488
  11285       DL 0.15; %DL: 6559
  11286       SMAPS 183 MAPARR SPNRARR; %SMAPS:10113
  11287       UM; %UM: 1488
  11288       DL 0.25; %DL: 6559
  11289       SMAPS 184 MAPARR SPNRARR; %SMAPS:10113
  11290       UM; %UM: 1488
  11291       DL 2.2; %DL: 6559
  11292       SMAPS 185 MAPARR SPNRARR; %SMAPS:10113
  11293       UM; %UM: 1488
  11294       DL 0.25; %DL: 6559
  11295       SMAPS 186 MAPARR SPNRARR; %SMAPS:10113
  11296       UM; %UM: 1488
  11297       DL 0.15; %DL: 6559
  11298       SMAPS 187 MAPARR SPNRARR; %SMAPS:10113
  11299       UM; %UM: 1488
  11300       DL 0.25; %DL: 6559
  11301       SMAPS 188 MAPARR SPNRARR; %SMAPS:10113
  11302       UM; %UM: 1488
  11303       QUAD 0.05 0 QFA2; %QUAD:10321
  11304       SMAPS 189 MAPARR SPNRARR; %SMAPS:10113
  11305       UM; %UM: 1488
  11306       QUAD 0.05 0 QFA2; %QUAD:10321
  11307       SMAPS 190 MAPARR SPNRARR; %SMAPS:10113
  11308       UM; %UM: 1488
  11309       DL 0.25; %DL: 6559
  11310       SMAPS 191 MAPARR SPNRARR; %SMAPS:10113
  11311       UM; %UM: 1488
  11312       DL 0.15; %DL: 6559
  11313       SMAPS 192 MAPARR SPNRARR; %SMAPS:10113
  11314       UM; %UM: 1488
  11315       DL 0.25; %DL: 6559
  11316       SMAPS 193 MAPARR SPNRARR; %SMAPS:10113
  11317       UM; %UM: 1488
  11318       DL 2.2; %DL: 6559
  11319       SMAPS 194 MAPARR SPNRARR; %SMAPS:10113
  11320       UM; %UM: 1488
  11321       DL 0.25; %DL: 6559
  11322       SMAPS 195 MAPARR SPNRARR; %SMAPS:10113
  11323       UM; %UM: 1488
  11324       DL 0.15; %DL: 6559
  11325       SMAPS 196 MAPARR SPNRARR; %SMAPS:10113
  11326       UM; %UM: 1488
  11327       DL 0.25; %DL: 6559
  11328       SMAPS 197 MAPARR SPNRARR; %SMAPS:10113
  11329       UM; %UM: 1488
  11330       QUAD 0.05 0 QDA2; %QUAD:10321
  11331       SMAPS 198 MAPARR SPNRARR; %SMAPS:10113
  11332       ENDLOOP;
  11333     ENDPROCEDURE;
 --- BIN FILE WRITTEN: seq_dFS_maps
  11334   SAVE 'seq_dFS_maps';
